2019-11-25 20:38:39 Debug: vkne9kjnr9qntj59m2rgianp25:renovaLogin Called

2019-11-25 20:38:39 Debug: vkne9kjnr9qntj59m2rgianp25:renovaLogin Called

2019-11-25 20:38:39 Debug: vkne9kjnr9qntj59m2rgianp25:beforeRender Called, initiated in C:\wamp64\www\Responde_ENEM\lib\Cake\Event\CakeEventManager.php on line 242

2019-11-25 20:38:39 Debug: vkne9kjnr9qntj59m2rgianp25:renovaLogin Called

2019-11-25 20:38:40 Debug: vkne9kjnr9qntj59m2rgianp25:renovaLogin Called

2019-11-25 20:38:40 Debug: vkne9kjnr9qntj59m2rgianp25:beforeRender Called, initiated in C:\wamp64\www\Responde_ENEM\lib\Cake\Event\CakeEventManager.php on line 242

2019-11-25 20:38:40 Debug: vkne9kjnr9qntj59m2rgianp25:renovaLogin Called

2019-11-25 20:38:40 Debug: vkne9kjnr9qntj59m2rgianp25:renovaLogin Called

2019-11-25 20:38:40 Debug: vkne9kjnr9qntj59m2rgianp25:beforeRender Called, initiated in C:\wamp64\www\Responde_ENEM\lib\Cake\Event\CakeEventManager.php on line 242

2019-11-25 20:38:40 Debug: vkne9kjnr9qntj59m2rgianp25:renovaLogin Called

2019-11-25 20:38:42 Debug: vkne9kjnr9qntj59m2rgianp25:renovaLogin Called

2019-11-25 20:38:42 Debug: vkne9kjnr9qntj59m2rgianp25:renovaLogin Called

2019-11-25 20:38:42 Debug: vkne9kjnr9qntj59m2rgianp25:beforeRender Called, initiated in C:\wamp64\www\Responde_ENEM\lib\Cake\Event\CakeEventManager.php on line 242

2019-11-25 20:38:42 Debug: vkne9kjnr9qntj59m2rgianp25:renovaLogin Called

2019-11-25 20:38:42 Debug: vkne9kjnr9qntj59m2rgianp25:renovaLogin Called

2019-11-25 20:38:42 Debug: vkne9kjnr9qntj59m2rgianp25:beforeRender Called, initiated in C:\wamp64\www\Responde_ENEM\lib\Cake\Event\CakeEventManager.php on line 242

2019-11-25 20:38:42 Debug: vkne9kjnr9qntj59m2rgianp25:renovaLogin Called

2019-11-25 20:38:42 Debug: vkne9kjnr9qntj59m2rgianp25:renovaLogin Called

2019-11-25 20:38:42 Debug: vkne9kjnr9qntj59m2rgianp25:beforeRender Called, initiated in C:\wamp64\www\Responde_ENEM\lib\Cake\Event\CakeEventManager.php on line 242

2019-11-25 20:38:42 Debug: vkne9kjnr9qntj59m2rgianp25:renovaLogin Called

2019-11-25 20:38:44 Debug: vkne9kjnr9qntj59m2rgianp25:renovaLogin Called

2019-11-25 20:38:44 Debug: vkne9kjnr9qntj59m2rgianp25:renovaLogin Called

2019-11-25 20:38:44 Debug: vkne9kjnr9qntj59m2rgianp25:beforeRender Called, initiated in C:\wamp64\www\Responde_ENEM\lib\Cake\Event\CakeEventManager.php on line 242

2019-11-25 20:38:44 Debug: vkne9kjnr9qntj59m2rgianp25:renovaLogin Called

2019-11-25 20:38:44 Debug: vkne9kjnr9qntj59m2rgianp25:renovaLogin Called

2019-11-25 20:38:44 Debug: vkne9kjnr9qntj59m2rgianp25:beforeRender Called, initiated in C:\wamp64\www\Responde_ENEM\lib\Cake\Event\CakeEventManager.php on line 242

2019-11-25 20:38:44 Debug: vkne9kjnr9qntj59m2rgianp25:renovaLogin Called

2019-11-25 20:38:44 Debug: vkne9kjnr9qntj59m2rgianp25:renovaLogin Called

2019-11-25 20:38:44 Debug: vkne9kjnr9qntj59m2rgianp25:beforeRender Called, initiated in C:\wamp64\www\Responde_ENEM\lib\Cake\Event\CakeEventManager.php on line 242

2019-11-25 20:38:44 Debug: vkne9kjnr9qntj59m2rgianp25:renovaLogin Called

2019-11-25 20:38:49 Debug: vkne9kjnr9qntj59m2rgianp25:renovaLogin Called

2019-11-25 20:38:49 Debug: vkne9kjnr9qntj59m2rgianp25:beforeFilter UsersController called

2019-11-25 20:38:49 Debug: vkne9kjnr9qntj59m2rgianp25:UserLogin called

2019-11-25 20:38:49 Debug: vkne9kjnr9qntj59m2rgianp25:beforeRender Called, initiated in C:\wamp64\www\Responde_ENEM\lib\Cake\Event\CakeEventManager.php on line 242

2019-11-25 20:38:49 Debug: vkne9kjnr9qntj59m2rgianp25:renovaLogin Called

2019-11-25 20:38:50 Debug: vkne9kjnr9qntj59m2rgianp25:renovaLogin Called

2019-11-25 20:38:50 Debug: vkne9kjnr9qntj59m2rgianp25:beforeRender Called, initiated in C:\wamp64\www\Responde_ENEM\lib\Cake\Event\CakeEventManager.php on line 242

2019-11-25 20:38:50 Debug: vkne9kjnr9qntj59m2rgianp25:renovaLogin Called

2019-11-25 20:38:58 Debug: vkne9kjnr9qntj59m2rgianp25:renovaLogin Called

2019-11-25 20:38:58 Debug: vkne9kjnr9qntj59m2rgianp25:beforeFilter UsersController called

2019-11-25 20:38:58 Debug: vkne9kjnr9qntj59m2rgianp25:UserLogin called

2019-11-25 20:38:59 Debug: 6doo5aonn23ddlr4vg19tuc7q3:renovaLogin Called

2019-11-25 20:38:59 Debug: 6doo5aonn23ddlr4vg19tuc7q3:beforeRender Called, initiated in C:\wamp64\www\Responde_ENEM\lib\Cake\Event\CakeEventManager.php on line 242

2019-11-25 20:38:59 Debug: 6doo5aonn23ddlr4vg19tuc7q3:renovaLogin Called

2019-11-25 20:39:01 Debug: 6doo5aonn23ddlr4vg19tuc7q3:renovaLogin Called

2019-11-25 20:39:01 Debug: 6doo5aonn23ddlr4vg19tuc7q3:beforeRender Called, initiated in C:\wamp64\www\Responde_ENEM\lib\Cake\Event\CakeEventManager.php on line 242

2019-11-25 20:39:01 Debug: 6doo5aonn23ddlr4vg19tuc7q3:renovaLogin Called

2019-11-25 20:39:12 Debug: 6doo5aonn23ddlr4vg19tuc7q3:renovaLogin Called

2019-11-25 20:39:12 Debug: renovaLogin: Lina 90

2019-11-25 20:39:13 Debug: s3f26ui4samcl03in3cr9glhv4:beforeRender Called, initiated in C:\wamp64\www\Responde_ENEM\lib\Cake\Event\CakeEventManager.php on line 242

2019-11-25 20:39:13 Debug: s3f26ui4samcl03in3cr9glhv4:renovaLogin Called

2019-11-25 20:39:33 Debug: s3f26ui4samcl03in3cr9glhv4:renovaLogin Called

2019-11-25 20:39:33 Debug: renovaLogin: Lina 90

2019-11-25 20:39:34 Debug: 2r54q3dvu1si7vn73m2o69u8g5:beforeRender Called, initiated in C:\wamp64\www\Responde_ENEM\lib\Cake\Event\CakeEventManager.php on line 242

2019-11-25 20:39:34 Debug: 2r54q3dvu1si7vn73m2o69u8g5:renovaLogin Called

2019-11-25 20:39:34 Debug: 2r54q3dvu1si7vn73m2o69u8g5:renovaLogin Called

2019-11-25 20:39:34 Debug: 2r54q3dvu1si7vn73m2o69u8g5:renovaLogin Called

2019-11-25 20:39:34 Debug: 2r54q3dvu1si7vn73m2o69u8g5:beforeRender Called, initiated in C:\wamp64\www\Responde_ENEM\lib\Cake\Event\CakeEventManager.php on line 242

2019-11-25 20:39:34 Debug: 2r54q3dvu1si7vn73m2o69u8g5:renovaLogin Called

2019-11-25 20:39:34 Debug: 2r54q3dvu1si7vn73m2o69u8g5:renovaLogin Called

2019-11-25 20:39:34 Debug: 2r54q3dvu1si7vn73m2o69u8g5:beforeRender Called, initiated in C:\wamp64\www\Responde_ENEM\lib\Cake\Event\CakeEventManager.php on line 242

2019-11-25 20:39:34 Debug: 2r54q3dvu1si7vn73m2o69u8g5:renovaLogin Called

2019-11-25 20:39:35 Debug: 2r54q3dvu1si7vn73m2o69u8g5:renovaLogin Called

2019-11-25 20:39:35 Debug: 2r54q3dvu1si7vn73m2o69u8g5:beforeRender Called, initiated in C:\wamp64\www\Responde_ENEM\lib\Cake\Event\CakeEventManager.php on line 242

2019-11-25 20:39:35 Debug: 2r54q3dvu1si7vn73m2o69u8g5:renovaLogin Called

2019-11-25 20:39:35 Debug: 2r54q3dvu1si7vn73m2o69u8g5:renovaLogin Called

2019-11-25 20:39:35 Debug: 2r54q3dvu1si7vn73m2o69u8g5:beforeRender Called, initiated in C:\wamp64\www\Responde_ENEM\lib\Cake\Event\CakeEventManager.php on line 242

2019-11-25 20:39:35 Debug: 2r54q3dvu1si7vn73m2o69u8g5:renovaLogin Called

2019-11-25 20:39:35 Debug: 2r54q3dvu1si7vn73m2o69u8g5:renovaLogin Called

2019-11-25 20:39:35 Debug: 2r54q3dvu1si7vn73m2o69u8g5:beforeRender Called, initiated in C:\wamp64\www\Responde_ENEM\lib\Cake\Event\CakeEventManager.php on line 242

2019-11-25 20:39:35 Debug: 2r54q3dvu1si7vn73m2o69u8g5:renovaLogin Called

2019-11-25 20:39:35 Debug: 2r54q3dvu1si7vn73m2o69u8g5:renovaLogin Called

2019-11-25 20:39:35 Debug: 2r54q3dvu1si7vn73m2o69u8g5:beforeRender Called, initiated in C:\wamp64\www\Responde_ENEM\lib\Cake\Event\CakeEventManager.php on line 242

2019-11-25 20:39:35 Debug: 2r54q3dvu1si7vn73m2o69u8g5:renovaLogin Called

2019-11-25 20:39:35 Debug: 2r54q3dvu1si7vn73m2o69u8g5:renovaLogin Called

2019-11-25 20:39:35 Debug: 2r54q3dvu1si7vn73m2o69u8g5:beforeRender Called, initiated in C:\wamp64\www\Responde_ENEM\lib\Cake\Event\CakeEventManager.php on line 242

2019-11-25 20:39:35 Debug: 2r54q3dvu1si7vn73m2o69u8g5:renovaLogin Called

2019-11-25 20:39:35 Debug: 2r54q3dvu1si7vn73m2o69u8g5:renovaLogin Called

2019-11-25 20:39:35 Debug: 2r54q3dvu1si7vn73m2o69u8g5:beforeRender Called, initiated in C:\wamp64\www\Responde_ENEM\lib\Cake\Event\CakeEventManager.php on line 242

2019-11-25 20:39:35 Debug: 2r54q3dvu1si7vn73m2o69u8g5:renovaLogin Called

2019-11-25 20:40:33 Debug: 2r54q3dvu1si7vn73m2o69u8g5:renovaLogin Called

2019-11-25 20:40:34 Debug: 2r54q3dvu1si7vn73m2o69u8g5:beforeRender Called, initiated in C:\wamp64\www\Responde_ENEM\lib\Cake\Event\CakeEventManager.php on line 242

2019-11-25 20:40:34 Debug: 2r54q3dvu1si7vn73m2o69u8g5:renovaLogin Called

2019-11-25 20:40:35 Debug: 2r54q3dvu1si7vn73m2o69u8g5:renovaLogin Called

2019-11-25 20:40:35 Debug: 2r54q3dvu1si7vn73m2o69u8g5:beforeRender Called, initiated in C:\wamp64\www\Responde_ENEM\lib\Cake\Event\CakeEventManager.php on line 242

2019-11-25 20:40:35 Debug: 2r54q3dvu1si7vn73m2o69u8g5:renovaLogin Called

2019-11-25 20:40:35 Debug: 2r54q3dvu1si7vn73m2o69u8g5:renovaLogin Called

2019-11-25 20:40:35 Debug: 2r54q3dvu1si7vn73m2o69u8g5:beforeRender Called, initiated in C:\wamp64\www\Responde_ENEM\lib\Cake\Event\CakeEventManager.php on line 242

2019-11-25 20:40:35 Debug: 2r54q3dvu1si7vn73m2o69u8g5:renovaLogin Called

2019-11-25 20:40:35 Debug: 2r54q3dvu1si7vn73m2o69u8g5:renovaLogin Called

2019-11-25 20:40:35 Debug: 2r54q3dvu1si7vn73m2o69u8g5:beforeRender Called, initiated in C:\wamp64\www\Responde_ENEM\lib\Cake\Event\CakeEventManager.php on line 242

2019-11-25 20:40:35 Debug: 2r54q3dvu1si7vn73m2o69u8g5:renovaLogin Called

2019-11-25 20:40:35 Debug: 2r54q3dvu1si7vn73m2o69u8g5:renovaLogin Called

2019-11-25 20:40:35 Debug: 2r54q3dvu1si7vn73m2o69u8g5:beforeRender Called, initiated in C:\wamp64\www\Responde_ENEM\lib\Cake\Event\CakeEventManager.php on line 242

2019-11-25 20:40:35 Debug: 2r54q3dvu1si7vn73m2o69u8g5:renovaLogin Called

2019-11-25 20:40:35 Debug: 2r54q3dvu1si7vn73m2o69u8g5:renovaLogin Called

2019-11-25 20:40:35 Debug: 2r54q3dvu1si7vn73m2o69u8g5:beforeRender Called, initiated in C:\wamp64\www\Responde_ENEM\lib\Cake\Event\CakeEventManager.php on line 242

2019-11-25 20:40:35 Debug: 2r54q3dvu1si7vn73m2o69u8g5:renovaLogin Called

2019-11-25 20:40:35 Debug: 2r54q3dvu1si7vn73m2o69u8g5:renovaLogin Called

2019-11-25 20:40:35 Debug: 2r54q3dvu1si7vn73m2o69u8g5:beforeRender Called, initiated in C:\wamp64\www\Responde_ENEM\lib\Cake\Event\CakeEventManager.php on line 242

2019-11-25 20:40:35 Debug: 2r54q3dvu1si7vn73m2o69u8g5:renovaLogin Called

2019-11-25 20:40:35 Debug: 2r54q3dvu1si7vn73m2o69u8g5:renovaLogin Called

2019-11-25 20:40:35 Debug: 2r54q3dvu1si7vn73m2o69u8g5:beforeRender Called, initiated in C:\wamp64\www\Responde_ENEM\lib\Cake\Event\CakeEventManager.php on line 242

2019-11-25 20:40:35 Debug: 2r54q3dvu1si7vn73m2o69u8g5:renovaLogin Called

2019-11-25 20:42:19 Debug: 2r54q3dvu1si7vn73m2o69u8g5:renovaLogin Called

2019-11-25 20:42:20 Debug: 2r54q3dvu1si7vn73m2o69u8g5:beforeRender Called, initiated in C:\wamp64\www\Responde_ENEM\lib\Cake\Event\CakeEventManager.php on line 242

2019-11-25 20:42:20 Debug: 2r54q3dvu1si7vn73m2o69u8g5:renovaLogin Called

2019-11-25 20:42:21 Debug: 2r54q3dvu1si7vn73m2o69u8g5:renovaLogin Called

2019-11-25 20:42:21 Debug: 2r54q3dvu1si7vn73m2o69u8g5:beforeRender Called, initiated in C:\wamp64\www\Responde_ENEM\lib\Cake\Event\CakeEventManager.php on line 242

2019-11-25 20:42:21 Debug: 2r54q3dvu1si7vn73m2o69u8g5:renovaLogin Called

2019-11-25 20:42:21 Debug: 2r54q3dvu1si7vn73m2o69u8g5:renovaLogin Called

2019-11-25 20:42:21 Debug: 2r54q3dvu1si7vn73m2o69u8g5:beforeRender Called, initiated in C:\wamp64\www\Responde_ENEM\lib\Cake\Event\CakeEventManager.php on line 242

2019-11-25 20:42:21 Debug: 2r54q3dvu1si7vn73m2o69u8g5:renovaLogin Called

2019-11-25 20:42:34 Debug: 2r54q3dvu1si7vn73m2o69u8g5:renovaLogin Called

2019-11-25 20:42:34 Debug: 2r54q3dvu1si7vn73m2o69u8g5:beforeRender Called, initiated in C:\wamp64\www\Responde_ENEM\lib\Cake\Event\CakeEventManager.php on line 242

2019-11-25 20:42:34 Debug: 2r54q3dvu1si7vn73m2o69u8g5:renovaLogin Called

2019-11-25 20:42:35 Debug: 2r54q3dvu1si7vn73m2o69u8g5:renovaLogin Called

2019-11-25 20:42:35 Debug: 2r54q3dvu1si7vn73m2o69u8g5:beforeRender Called, initiated in C:\wamp64\www\Responde_ENEM\lib\Cake\Event\CakeEventManager.php on line 242

2019-11-25 20:42:35 Debug: 2r54q3dvu1si7vn73m2o69u8g5:renovaLogin Called

2019-11-25 20:42:35 Debug: 2r54q3dvu1si7vn73m2o69u8g5:renovaLogin Called

2019-11-25 20:42:35 Debug: 2r54q3dvu1si7vn73m2o69u8g5:beforeRender Called, initiated in C:\wamp64\www\Responde_ENEM\lib\Cake\Event\CakeEventManager.php on line 242

2019-11-25 20:42:35 Debug: 2r54q3dvu1si7vn73m2o69u8g5:renovaLogin Called

2019-11-25 20:42:35 Debug: 2r54q3dvu1si7vn73m2o69u8g5:renovaLogin Called

2019-11-25 20:42:35 Debug: 2r54q3dvu1si7vn73m2o69u8g5:beforeRender Called, initiated in C:\wamp64\www\Responde_ENEM\lib\Cake\Event\CakeEventManager.php on line 242

2019-11-25 20:42:35 Debug: 2r54q3dvu1si7vn73m2o69u8g5:renovaLogin Called

2019-11-25 20:42:35 Debug: 2r54q3dvu1si7vn73m2o69u8g5:renovaLogin Called

2019-11-25 20:42:35 Debug: 2r54q3dvu1si7vn73m2o69u8g5:beforeRender Called, initiated in C:\wamp64\www\Responde_ENEM\lib\Cake\Event\CakeEventManager.php on line 242

2019-11-25 20:42:35 Debug: 2r54q3dvu1si7vn73m2o69u8g5:renovaLogin Called

2019-11-25 20:42:35 Debug: 2r54q3dvu1si7vn73m2o69u8g5:renovaLogin Called

2019-11-25 20:42:35 Debug: 2r54q3dvu1si7vn73m2o69u8g5:beforeRender Called, initiated in C:\wamp64\www\Responde_ENEM\lib\Cake\Event\CakeEventManager.php on line 242

2019-11-25 20:42:35 Debug: 2r54q3dvu1si7vn73m2o69u8g5:renovaLogin Called

2019-11-25 20:42:35 Debug: 2r54q3dvu1si7vn73m2o69u8g5:renovaLogin Called

2019-11-25 20:42:35 Debug: 2r54q3dvu1si7vn73m2o69u8g5:beforeRender Called, initiated in C:\wamp64\www\Responde_ENEM\lib\Cake\Event\CakeEventManager.php on line 242

2019-11-25 20:42:35 Debug: 2r54q3dvu1si7vn73m2o69u8g5:renovaLogin Called

2019-11-25 20:42:36 Debug: 2r54q3dvu1si7vn73m2o69u8g5:renovaLogin Called

2019-11-25 20:42:36 Debug: 2r54q3dvu1si7vn73m2o69u8g5:beforeRender Called, initiated in C:\wamp64\www\Responde_ENEM\lib\Cake\Event\CakeEventManager.php on line 242

2019-11-25 20:42:36 Debug: 2r54q3dvu1si7vn73m2o69u8g5:renovaLogin Called

