2019-10-23 12:50:56 Debug: d5ofitjbb9ppti555kvrasq0e3:beforeRender Called, initiated in C:\wamp64\www\Responde_ENEM\lib\Cake\Event\CakeEventManager.php on line 242

2019-10-23 12:50:56 Debug: d5ofitjbb9ppti555kvrasq0e3:beforeRender Called, initiated in C:\wamp64\www\Responde_ENEM\lib\Cake\Event\CakeEventManager.php on line 242

2019-10-23 12:51:12 Debug: d5ofitjbb9ppti555kvrasq0e3:beforeRender Called, initiated in C:\wamp64\www\Responde_ENEM\lib\Cake\Event\CakeEventManager.php on line 242

2019-10-23 12:51:12 Debug: d5ofitjbb9ppti555kvrasq0e3:beforeRender Called, initiated in C:\wamp64\www\Responde_ENEM\lib\Cake\Event\CakeEventManager.php on line 242

2019-10-23 12:51:12 Debug: d5ofitjbb9ppti555kvrasq0e3:beforeRender Called, initiated in C:\wamp64\www\Responde_ENEM\lib\Cake\Event\CakeEventManager.php on line 242

2019-10-23 12:52:00 Debug: d5ofitjbb9ppti555kvrasq0e3:beforeRender Called, initiated in C:\wamp64\www\Responde_ENEM\lib\Cake\Event\CakeEventManager.php on line 242

2019-10-23 12:52:00 Debug: d5ofitjbb9ppti555kvrasq0e3:renovaLogin Called

2019-10-23 12:52:00 Debug: d5ofitjbb9ppti555kvrasq0e3:beforeRender Called, initiated in C:\wamp64\www\Responde_ENEM\lib\Cake\Event\CakeEventManager.php on line 242

2019-10-23 12:52:00 Debug: d5ofitjbb9ppti555kvrasq0e3:renovaLogin Called

2019-10-23 12:52:20 Debug: d5ofitjbb9ppti555kvrasq0e3:beforeRender Called, initiated in C:\wamp64\www\Responde_ENEM\lib\Cake\Event\CakeEventManager.php on line 242

2019-10-23 12:52:20 Debug: d5ofitjbb9ppti555kvrasq0e3:renovaLogin Called

2019-10-23 12:52:20 Debug: d5ofitjbb9ppti555kvrasq0e3:beforeRender Called, initiated in C:\wamp64\www\Responde_ENEM\lib\Cake\Event\CakeEventManager.php on line 242

2019-10-23 12:52:20 Debug: d5ofitjbb9ppti555kvrasq0e3:renovaLogin Called

2019-10-23 12:52:44 Debug: d5ofitjbb9ppti555kvrasq0e3:beforeRender Called, initiated in C:\wamp64\www\Responde_ENEM\lib\Cake\Event\CakeEventManager.php on line 242

2019-10-23 12:52:44 Debug: d5ofitjbb9ppti555kvrasq0e3:renovaLogin Called

2019-10-23 12:52:44 Debug: d5ofitjbb9ppti555kvrasq0e3:beforeRender Called, initiated in C:\wamp64\www\Responde_ENEM\lib\Cake\Event\CakeEventManager.php on line 242

2019-10-23 12:52:44 Debug: d5ofitjbb9ppti555kvrasq0e3:renovaLogin Called

2019-10-23 12:53:18 Debug: d5ofitjbb9ppti555kvrasq0e3:beforeRender Called, initiated in C:\wamp64\www\Responde_ENEM\lib\Cake\Event\CakeEventManager.php on line 242

2019-10-23 12:53:18 Debug: d5ofitjbb9ppti555kvrasq0e3:renovaLogin Called

2019-10-23 12:53:19 Debug: d5ofitjbb9ppti555kvrasq0e3:beforeRender Called, initiated in C:\wamp64\www\Responde_ENEM\lib\Cake\Event\CakeEventManager.php on line 242

2019-10-23 12:53:19 Debug: d5ofitjbb9ppti555kvrasq0e3:renovaLogin Called

2019-10-23 12:53:32 Debug: d5ofitjbb9ppti555kvrasq0e3:beforeRender Called, initiated in C:\wamp64\www\Responde_ENEM\lib\Cake\Event\CakeEventManager.php on line 242

2019-10-23 12:53:33 Debug: d5ofitjbb9ppti555kvrasq0e3:renovaLogin Called

2019-10-23 12:53:33 Debug: d5ofitjbb9ppti555kvrasq0e3:beforeRender Called, initiated in C:\wamp64\www\Responde_ENEM\lib\Cake\Event\CakeEventManager.php on line 242

2019-10-23 12:53:33 Debug: d5ofitjbb9ppti555kvrasq0e3:renovaLogin Called

2019-10-23 12:53:55 Debug: d5ofitjbb9ppti555kvrasq0e3:beforeRender Called, initiated in C:\wamp64\www\Responde_ENEM\lib\Cake\Event\CakeEventManager.php on line 242

2019-10-23 12:53:55 Debug: d5ofitjbb9ppti555kvrasq0e3:renovaLogin Called

2019-10-23 12:53:55 Debug: d5ofitjbb9ppti555kvrasq0e3:beforeRender Called, initiated in C:\wamp64\www\Responde_ENEM\lib\Cake\Event\CakeEventManager.php on line 242

2019-10-23 12:53:55 Debug: d5ofitjbb9ppti555kvrasq0e3:renovaLogin Called

2019-10-23 12:54:14 Debug: d5ofitjbb9ppti555kvrasq0e3:beforeRender Called, initiated in C:\wamp64\www\Responde_ENEM\lib\Cake\Event\CakeEventManager.php on line 242

2019-10-23 12:54:14 Debug: d5ofitjbb9ppti555kvrasq0e3:renovaLogin Called

2019-10-23 12:54:15 Debug: d5ofitjbb9ppti555kvrasq0e3:beforeRender Called, initiated in C:\wamp64\www\Responde_ENEM\lib\Cake\Event\CakeEventManager.php on line 242

2019-10-23 12:54:15 Debug: d5ofitjbb9ppti555kvrasq0e3:renovaLogin Called

2019-10-23 12:55:35 Debug: d5ofitjbb9ppti555kvrasq0e3:renovaLogin Called

2019-10-23 12:55:35 Debug: d5ofitjbb9ppti555kvrasq0e3:beforeRender Called, initiated in C:\wamp64\www\Responde_ENEM\lib\Cake\Event\CakeEventManager.php on line 242

2019-10-23 12:55:35 Debug: d5ofitjbb9ppti555kvrasq0e3:renovaLogin Called

2019-10-23 12:55:36 Debug: d5ofitjbb9ppti555kvrasq0e3:renovaLogin Called

2019-10-23 12:55:36 Debug: d5ofitjbb9ppti555kvrasq0e3:beforeRender Called, initiated in C:\wamp64\www\Responde_ENEM\lib\Cake\Event\CakeEventManager.php on line 242

2019-10-23 12:55:36 Debug: d5ofitjbb9ppti555kvrasq0e3:renovaLogin Called

2019-10-23 12:55:39 Debug: d5ofitjbb9ppti555kvrasq0e3:renovaLogin Called

2019-10-23 12:55:39 Debug: d5ofitjbb9ppti555kvrasq0e3:beforeRender Called, initiated in C:\wamp64\www\Responde_ENEM\lib\Cake\Event\CakeEventManager.php on line 242

2019-10-23 12:55:39 Debug: d5ofitjbb9ppti555kvrasq0e3:renovaLogin Called

2019-10-23 12:55:39 Debug: d5ofitjbb9ppti555kvrasq0e3:renovaLogin Called

2019-10-23 12:55:39 Debug: d5ofitjbb9ppti555kvrasq0e3:beforeRender Called, initiated in C:\wamp64\www\Responde_ENEM\lib\Cake\Event\CakeEventManager.php on line 242

2019-10-23 12:55:39 Debug: d5ofitjbb9ppti555kvrasq0e3:renovaLogin Called

2019-10-23 12:55:47 Debug: d5ofitjbb9ppti555kvrasq0e3:renovaLogin Called

2019-10-23 12:55:47 Debug: d5ofitjbb9ppti555kvrasq0e3:beforeRender Called, initiated in C:\wamp64\www\Responde_ENEM\lib\Cake\Event\CakeEventManager.php on line 242

2019-10-23 12:55:47 Debug: d5ofitjbb9ppti555kvrasq0e3:renovaLogin Called

2019-10-23 12:55:50 Debug: d5ofitjbb9ppti555kvrasq0e3:renovaLogin Called

2019-10-23 12:55:50 Debug: d5ofitjbb9ppti555kvrasq0e3:beforeRender Called, initiated in C:\wamp64\www\Responde_ENEM\lib\Cake\Event\CakeEventManager.php on line 242

2019-10-23 12:55:50 Debug: d5ofitjbb9ppti555kvrasq0e3:renovaLogin Called

2019-10-23 12:55:50 Debug: d5ofitjbb9ppti555kvrasq0e3:renovaLogin Called

2019-10-23 12:55:50 Debug: d5ofitjbb9ppti555kvrasq0e3:beforeRender Called, initiated in C:\wamp64\www\Responde_ENEM\lib\Cake\Event\CakeEventManager.php on line 242

2019-10-23 12:55:50 Debug: d5ofitjbb9ppti555kvrasq0e3:renovaLogin Called

2019-10-23 12:55:57 Debug: d5ofitjbb9ppti555kvrasq0e3:renovaLogin Called

2019-10-23 12:55:57 Debug: d5ofitjbb9ppti555kvrasq0e3:beforeRender Called, initiated in C:\wamp64\www\Responde_ENEM\lib\Cake\Event\CakeEventManager.php on line 242

2019-10-23 12:55:57 Debug: d5ofitjbb9ppti555kvrasq0e3:renovaLogin Called

2019-10-23 12:55:57 Debug: d5ofitjbb9ppti555kvrasq0e3:renovaLogin Called

2019-10-23 12:55:57 Debug: d5ofitjbb9ppti555kvrasq0e3:beforeRender Called, initiated in C:\wamp64\www\Responde_ENEM\lib\Cake\Event\CakeEventManager.php on line 242

2019-10-23 12:55:57 Debug: d5ofitjbb9ppti555kvrasq0e3:renovaLogin Called

2019-10-23 12:59:26 Debug: d5ofitjbb9ppti555kvrasq0e3:renovaLogin Called

2019-10-23 12:59:27 Debug: d5ofitjbb9ppti555kvrasq0e3:beforeRender Called, initiated in C:\wamp64\www\Responde_ENEM\lib\Cake\Event\CakeEventManager.php on line 242

2019-10-23 12:59:27 Debug: d5ofitjbb9ppti555kvrasq0e3:renovaLogin Called

2019-10-23 12:59:27 Debug: d5ofitjbb9ppti555kvrasq0e3:renovaLogin Called

2019-10-23 12:59:27 Debug: d5ofitjbb9ppti555kvrasq0e3:beforeRender Called, initiated in C:\wamp64\www\Responde_ENEM\lib\Cake\Event\CakeEventManager.php on line 242

2019-10-23 12:59:27 Debug: d5ofitjbb9ppti555kvrasq0e3:renovaLogin Called

2019-10-23 12:59:49 Debug: d5ofitjbb9ppti555kvrasq0e3:renovaLogin Called

2019-10-23 12:59:49 Debug: d5ofitjbb9ppti555kvrasq0e3:beforeRender Called, initiated in C:\wamp64\www\Responde_ENEM\lib\Cake\Event\CakeEventManager.php on line 242

2019-10-23 12:59:49 Debug: d5ofitjbb9ppti555kvrasq0e3:renovaLogin Called

2019-10-23 12:59:49 Debug: d5ofitjbb9ppti555kvrasq0e3:renovaLogin Called

2019-10-23 12:59:49 Debug: d5ofitjbb9ppti555kvrasq0e3:beforeRender Called, initiated in C:\wamp64\www\Responde_ENEM\lib\Cake\Event\CakeEventManager.php on line 242

2019-10-23 12:59:49 Debug: d5ofitjbb9ppti555kvrasq0e3:renovaLogin Called

2019-10-23 12:59:52 Debug: d5ofitjbb9ppti555kvrasq0e3:renovaLogin Called

2019-10-23 12:59:52 Debug: d5ofitjbb9ppti555kvrasq0e3:beforeRender Called, initiated in C:\wamp64\www\Responde_ENEM\lib\Cake\Event\CakeEventManager.php on line 242

2019-10-23 12:59:52 Debug: d5ofitjbb9ppti555kvrasq0e3:renovaLogin Called

2019-10-23 12:59:53 Debug: d5ofitjbb9ppti555kvrasq0e3:renovaLogin Called

2019-10-23 12:59:53 Debug: d5ofitjbb9ppti555kvrasq0e3:beforeRender Called, initiated in C:\wamp64\www\Responde_ENEM\lib\Cake\Event\CakeEventManager.php on line 242

2019-10-23 12:59:53 Debug: d5ofitjbb9ppti555kvrasq0e3:renovaLogin Called

2019-10-23 13:00:01 Debug: d5ofitjbb9ppti555kvrasq0e3:renovaLogin Called

2019-10-23 13:00:02 Debug: d5ofitjbb9ppti555kvrasq0e3:beforeRender Called, initiated in C:\wamp64\www\Responde_ENEM\lib\Cake\Event\CakeEventManager.php on line 242

2019-10-23 13:00:02 Debug: d5ofitjbb9ppti555kvrasq0e3:renovaLogin Called

2019-10-23 13:00:02 Debug: d5ofitjbb9ppti555kvrasq0e3:renovaLogin Called

2019-10-23 13:00:02 Debug: d5ofitjbb9ppti555kvrasq0e3:beforeRender Called, initiated in C:\wamp64\www\Responde_ENEM\lib\Cake\Event\CakeEventManager.php on line 242

2019-10-23 13:00:02 Debug: d5ofitjbb9ppti555kvrasq0e3:renovaLogin Called

2019-10-23 13:00:14 Debug: d5ofitjbb9ppti555kvrasq0e3:renovaLogin Called

2019-10-23 13:00:15 Debug: d5ofitjbb9ppti555kvrasq0e3:beforeRender Called, initiated in C:\wamp64\www\Responde_ENEM\lib\Cake\Event\CakeEventManager.php on line 242

2019-10-23 13:00:15 Debug: d5ofitjbb9ppti555kvrasq0e3:renovaLogin Called

2019-10-23 13:00:15 Debug: d5ofitjbb9ppti555kvrasq0e3:renovaLogin Called

2019-10-23 13:00:15 Debug: d5ofitjbb9ppti555kvrasq0e3:beforeRender Called, initiated in C:\wamp64\www\Responde_ENEM\lib\Cake\Event\CakeEventManager.php on line 242

2019-10-23 13:00:15 Debug: d5ofitjbb9ppti555kvrasq0e3:renovaLogin Called

2019-10-23 13:01:13 Debug: d5ofitjbb9ppti555kvrasq0e3:renovaLogin Called

2019-10-23 13:01:14 Debug: d5ofitjbb9ppti555kvrasq0e3:beforeRender Called, initiated in C:\wamp64\www\Responde_ENEM\lib\Cake\Event\CakeEventManager.php on line 242

2019-10-23 13:01:14 Debug: d5ofitjbb9ppti555kvrasq0e3:renovaLogin Called

2019-10-23 13:01:14 Debug: d5ofitjbb9ppti555kvrasq0e3:renovaLogin Called

2019-10-23 13:01:14 Debug: d5ofitjbb9ppti555kvrasq0e3:beforeRender Called, initiated in C:\wamp64\www\Responde_ENEM\lib\Cake\Event\CakeEventManager.php on line 242

2019-10-23 13:01:14 Debug: d5ofitjbb9ppti555kvrasq0e3:renovaLogin Called

2019-10-23 13:01:37 Debug: d5ofitjbb9ppti555kvrasq0e3:renovaLogin Called

2019-10-23 13:01:38 Debug: d5ofitjbb9ppti555kvrasq0e3:beforeRender Called, initiated in C:\wamp64\www\Responde_ENEM\lib\Cake\Event\CakeEventManager.php on line 242

2019-10-23 13:01:38 Debug: d5ofitjbb9ppti555kvrasq0e3:renovaLogin Called

2019-10-23 13:01:38 Debug: d5ofitjbb9ppti555kvrasq0e3:renovaLogin Called

2019-10-23 13:01:38 Debug: d5ofitjbb9ppti555kvrasq0e3:beforeRender Called, initiated in C:\wamp64\www\Responde_ENEM\lib\Cake\Event\CakeEventManager.php on line 242

2019-10-23 13:01:38 Debug: d5ofitjbb9ppti555kvrasq0e3:renovaLogin Called

2019-10-23 13:01:58 Debug: d5ofitjbb9ppti555kvrasq0e3:renovaLogin Called

2019-10-23 13:01:59 Debug: d5ofitjbb9ppti555kvrasq0e3:beforeRender Called, initiated in C:\wamp64\www\Responde_ENEM\lib\Cake\Event\CakeEventManager.php on line 242

2019-10-23 13:01:59 Debug: d5ofitjbb9ppti555kvrasq0e3:renovaLogin Called

2019-10-23 13:01:59 Debug: d5ofitjbb9ppti555kvrasq0e3:renovaLogin Called

2019-10-23 13:01:59 Debug: d5ofitjbb9ppti555kvrasq0e3:beforeRender Called, initiated in C:\wamp64\www\Responde_ENEM\lib\Cake\Event\CakeEventManager.php on line 242

2019-10-23 13:01:59 Debug: d5ofitjbb9ppti555kvrasq0e3:renovaLogin Called

2019-10-23 13:03:25 Debug: d5ofitjbb9ppti555kvrasq0e3:renovaLogin Called

2019-10-23 13:03:25 Debug: d5ofitjbb9ppti555kvrasq0e3:beforeRender Called, initiated in C:\wamp64\www\Responde_ENEM\lib\Cake\Event\CakeEventManager.php on line 242

2019-10-23 13:03:25 Debug: d5ofitjbb9ppti555kvrasq0e3:renovaLogin Called

2019-10-23 13:03:25 Debug: d5ofitjbb9ppti555kvrasq0e3:renovaLogin Called

2019-10-23 13:03:25 Debug: d5ofitjbb9ppti555kvrasq0e3:beforeRender Called, initiated in C:\wamp64\www\Responde_ENEM\lib\Cake\Event\CakeEventManager.php on line 242

2019-10-23 13:03:25 Debug: d5ofitjbb9ppti555kvrasq0e3:renovaLogin Called

2019-10-23 13:03:38 Debug: d5ofitjbb9ppti555kvrasq0e3:renovaLogin Called

2019-10-23 13:03:39 Debug: d5ofitjbb9ppti555kvrasq0e3:beforeRender Called, initiated in C:\wamp64\www\Responde_ENEM\lib\Cake\Event\CakeEventManager.php on line 242

2019-10-23 13:03:39 Debug: d5ofitjbb9ppti555kvrasq0e3:renovaLogin Called

2019-10-23 13:03:39 Debug: d5ofitjbb9ppti555kvrasq0e3:renovaLogin Called

2019-10-23 13:03:39 Debug: d5ofitjbb9ppti555kvrasq0e3:beforeRender Called, initiated in C:\wamp64\www\Responde_ENEM\lib\Cake\Event\CakeEventManager.php on line 242

2019-10-23 13:03:39 Debug: d5ofitjbb9ppti555kvrasq0e3:renovaLogin Called

2019-10-23 13:03:48 Debug: d5ofitjbb9ppti555kvrasq0e3:renovaLogin Called

2019-10-23 13:03:48 Debug: d5ofitjbb9ppti555kvrasq0e3:beforeRender Called, initiated in C:\wamp64\www\Responde_ENEM\lib\Cake\Event\CakeEventManager.php on line 242

2019-10-23 13:03:48 Debug: d5ofitjbb9ppti555kvrasq0e3:renovaLogin Called

2019-10-23 13:03:49 Debug: d5ofitjbb9ppti555kvrasq0e3:renovaLogin Called

2019-10-23 13:03:49 Debug: d5ofitjbb9ppti555kvrasq0e3:beforeRender Called, initiated in C:\wamp64\www\Responde_ENEM\lib\Cake\Event\CakeEventManager.php on line 242

2019-10-23 13:03:49 Debug: d5ofitjbb9ppti555kvrasq0e3:renovaLogin Called

2019-10-23 13:03:57 Debug: d5ofitjbb9ppti555kvrasq0e3:renovaLogin Called

2019-10-23 13:03:57 Debug: d5ofitjbb9ppti555kvrasq0e3:beforeRender Called, initiated in C:\wamp64\www\Responde_ENEM\lib\Cake\Event\CakeEventManager.php on line 242

2019-10-23 13:03:57 Debug: d5ofitjbb9ppti555kvrasq0e3:renovaLogin Called

2019-10-23 13:03:58 Debug: d5ofitjbb9ppti555kvrasq0e3:renovaLogin Called

2019-10-23 13:03:58 Debug: d5ofitjbb9ppti555kvrasq0e3:beforeRender Called, initiated in C:\wamp64\www\Responde_ENEM\lib\Cake\Event\CakeEventManager.php on line 242

2019-10-23 13:03:58 Debug: d5ofitjbb9ppti555kvrasq0e3:renovaLogin Called

2019-10-23 13:04:27 Debug: d5ofitjbb9ppti555kvrasq0e3:renovaLogin Called

2019-10-23 13:04:27 Debug: d5ofitjbb9ppti555kvrasq0e3:beforeRender Called, initiated in C:\wamp64\www\Responde_ENEM\lib\Cake\Event\CakeEventManager.php on line 242

2019-10-23 13:04:27 Debug: d5ofitjbb9ppti555kvrasq0e3:renovaLogin Called

2019-10-23 13:04:27 Debug: d5ofitjbb9ppti555kvrasq0e3:renovaLogin Called

2019-10-23 13:04:27 Debug: d5ofitjbb9ppti555kvrasq0e3:beforeRender Called, initiated in C:\wamp64\www\Responde_ENEM\lib\Cake\Event\CakeEventManager.php on line 242

2019-10-23 13:04:27 Debug: d5ofitjbb9ppti555kvrasq0e3:renovaLogin Called

2019-10-23 13:04:27 Debug: d5ofitjbb9ppti555kvrasq0e3:renovaLogin Called

2019-10-23 13:04:27 Debug: d5ofitjbb9ppti555kvrasq0e3:beforeRender Called, initiated in C:\wamp64\www\Responde_ENEM\lib\Cake\Event\CakeEventManager.php on line 242

2019-10-23 13:04:27 Debug: d5ofitjbb9ppti555kvrasq0e3:renovaLogin Called

2019-10-23 13:04:28 Debug: d5ofitjbb9ppti555kvrasq0e3:renovaLogin Called

2019-10-23 13:04:28 Debug: d5ofitjbb9ppti555kvrasq0e3:beforeRender Called, initiated in C:\wamp64\www\Responde_ENEM\lib\Cake\Event\CakeEventManager.php on line 242

2019-10-23 13:04:28 Debug: d5ofitjbb9ppti555kvrasq0e3:renovaLogin Called

2019-10-23 13:04:55 Debug: d5ofitjbb9ppti555kvrasq0e3:renovaLogin Called

2019-10-23 13:04:56 Debug: d5ofitjbb9ppti555kvrasq0e3:beforeRender Called, initiated in C:\wamp64\www\Responde_ENEM\lib\Cake\Event\CakeEventManager.php on line 242

2019-10-23 13:04:56 Debug: d5ofitjbb9ppti555kvrasq0e3:renovaLogin Called

2019-10-23 13:04:56 Debug: d5ofitjbb9ppti555kvrasq0e3:renovaLogin Called

2019-10-23 13:04:56 Debug: d5ofitjbb9ppti555kvrasq0e3:beforeRender Called, initiated in C:\wamp64\www\Responde_ENEM\lib\Cake\Event\CakeEventManager.php on line 242

2019-10-23 13:04:56 Debug: d5ofitjbb9ppti555kvrasq0e3:renovaLogin Called

2019-10-23 13:05:20 Debug: d5ofitjbb9ppti555kvrasq0e3:renovaLogin Called

2019-10-23 13:05:21 Debug: d5ofitjbb9ppti555kvrasq0e3:beforeRender Called, initiated in C:\wamp64\www\Responde_ENEM\lib\Cake\Event\CakeEventManager.php on line 242

2019-10-23 13:05:21 Debug: d5ofitjbb9ppti555kvrasq0e3:renovaLogin Called

2019-10-23 13:05:21 Debug: d5ofitjbb9ppti555kvrasq0e3:renovaLogin Called

2019-10-23 13:05:21 Debug: d5ofitjbb9ppti555kvrasq0e3:beforeRender Called, initiated in C:\wamp64\www\Responde_ENEM\lib\Cake\Event\CakeEventManager.php on line 242

2019-10-23 13:05:21 Debug: d5ofitjbb9ppti555kvrasq0e3:renovaLogin Called

2019-10-23 13:05:31 Debug: d5ofitjbb9ppti555kvrasq0e3:renovaLogin Called

2019-10-23 13:05:33 Debug: d5ofitjbb9ppti555kvrasq0e3:beforeRender Called, initiated in C:\wamp64\www\Responde_ENEM\lib\Cake\Event\CakeEventManager.php on line 242

2019-10-23 13:05:33 Debug: d5ofitjbb9ppti555kvrasq0e3:renovaLogin Called

2019-10-23 13:05:34 Debug: d5ofitjbb9ppti555kvrasq0e3:renovaLogin Called

2019-10-23 13:05:34 Debug: d5ofitjbb9ppti555kvrasq0e3:beforeRender Called, initiated in C:\wamp64\www\Responde_ENEM\lib\Cake\Event\CakeEventManager.php on line 242

2019-10-23 13:05:34 Debug: d5ofitjbb9ppti555kvrasq0e3:renovaLogin Called

2019-10-23 13:06:03 Debug: d5ofitjbb9ppti555kvrasq0e3:renovaLogin Called

2019-10-23 13:06:04 Debug: d5ofitjbb9ppti555kvrasq0e3:beforeRender Called, initiated in C:\wamp64\www\Responde_ENEM\lib\Cake\Event\CakeEventManager.php on line 242

2019-10-23 13:06:04 Debug: d5ofitjbb9ppti555kvrasq0e3:renovaLogin Called

2019-10-23 13:06:04 Debug: d5ofitjbb9ppti555kvrasq0e3:renovaLogin Called

2019-10-23 13:06:04 Debug: d5ofitjbb9ppti555kvrasq0e3:beforeRender Called, initiated in C:\wamp64\www\Responde_ENEM\lib\Cake\Event\CakeEventManager.php on line 242

2019-10-23 13:06:04 Debug: d5ofitjbb9ppti555kvrasq0e3:renovaLogin Called

2019-10-23 13:06:04 Debug: d5ofitjbb9ppti555kvrasq0e3:renovaLogin Called

2019-10-23 13:06:04 Debug: d5ofitjbb9ppti555kvrasq0e3:beforeRender Called, initiated in C:\wamp64\www\Responde_ENEM\lib\Cake\Event\CakeEventManager.php on line 242

2019-10-23 13:06:04 Debug: d5ofitjbb9ppti555kvrasq0e3:renovaLogin Called

2019-10-23 13:06:04 Debug: d5ofitjbb9ppti555kvrasq0e3:renovaLogin Called

2019-10-23 13:06:04 Debug: d5ofitjbb9ppti555kvrasq0e3:beforeRender Called, initiated in C:\wamp64\www\Responde_ENEM\lib\Cake\Event\CakeEventManager.php on line 242

2019-10-23 13:06:04 Debug: d5ofitjbb9ppti555kvrasq0e3:renovaLogin Called

2019-10-23 13:06:13 Debug: d5ofitjbb9ppti555kvrasq0e3:renovaLogin Called

2019-10-23 13:06:13 Debug: d5ofitjbb9ppti555kvrasq0e3:beforeRender Called, initiated in C:\wamp64\www\Responde_ENEM\lib\Cake\Event\CakeEventManager.php on line 242

2019-10-23 13:06:13 Debug: d5ofitjbb9ppti555kvrasq0e3:renovaLogin Called

2019-10-23 13:06:13 Debug: d5ofitjbb9ppti555kvrasq0e3:renovaLogin Called

2019-10-23 13:06:13 Debug: d5ofitjbb9ppti555kvrasq0e3:beforeRender Called, initiated in C:\wamp64\www\Responde_ENEM\lib\Cake\Event\CakeEventManager.php on line 242

2019-10-23 13:06:13 Debug: d5ofitjbb9ppti555kvrasq0e3:renovaLogin Called

2019-10-23 13:06:13 Debug: d5ofitjbb9ppti555kvrasq0e3:renovaLogin Called

2019-10-23 13:06:13 Debug: d5ofitjbb9ppti555kvrasq0e3:beforeRender Called, initiated in C:\wamp64\www\Responde_ENEM\lib\Cake\Event\CakeEventManager.php on line 242

2019-10-23 13:06:13 Debug: d5ofitjbb9ppti555kvrasq0e3:renovaLogin Called

2019-10-23 13:06:14 Debug: d5ofitjbb9ppti555kvrasq0e3:renovaLogin Called

2019-10-23 13:06:14 Debug: d5ofitjbb9ppti555kvrasq0e3:beforeRender Called, initiated in C:\wamp64\www\Responde_ENEM\lib\Cake\Event\CakeEventManager.php on line 242

2019-10-23 13:06:14 Debug: d5ofitjbb9ppti555kvrasq0e3:renovaLogin Called

2019-10-23 13:07:33 Debug: d5ofitjbb9ppti555kvrasq0e3:renovaLogin Called

2019-10-23 13:07:34 Debug: d5ofitjbb9ppti555kvrasq0e3:renovaLogin Called

2019-10-23 13:07:34 Debug: d5ofitjbb9ppti555kvrasq0e3:renovaLogin Called

2019-10-23 13:07:34 Debug: d5ofitjbb9ppti555kvrasq0e3:renovaLogin Called

2019-10-23 13:07:49 Debug: d5ofitjbb9ppti555kvrasq0e3:renovaLogin Called

2019-10-23 13:07:50 Debug: d5ofitjbb9ppti555kvrasq0e3:renovaLogin Called

2019-10-23 13:07:50 Debug: d5ofitjbb9ppti555kvrasq0e3:renovaLogin Called

2019-10-23 13:07:50 Debug: d5ofitjbb9ppti555kvrasq0e3:renovaLogin Called

2019-10-23 13:08:00 Debug: d5ofitjbb9ppti555kvrasq0e3:renovaLogin Called

2019-10-23 13:08:00 Debug: d5ofitjbb9ppti555kvrasq0e3:renovaLogin Called

2019-10-23 13:08:00 Debug: d5ofitjbb9ppti555kvrasq0e3:renovaLogin Called

2019-10-23 13:08:00 Debug: d5ofitjbb9ppti555kvrasq0e3:renovaLogin Called

2019-10-23 13:08:22 Debug: d5ofitjbb9ppti555kvrasq0e3:renovaLogin Called

2019-10-23 13:08:23 Debug: d5ofitjbb9ppti555kvrasq0e3:renovaLogin Called

2019-10-23 13:08:23 Debug: d5ofitjbb9ppti555kvrasq0e3:renovaLogin Called

2019-10-23 13:08:23 Debug: d5ofitjbb9ppti555kvrasq0e3:renovaLogin Called

2019-10-23 13:08:43 Debug: d5ofitjbb9ppti555kvrasq0e3:renovaLogin Called

2019-10-23 13:08:46 Debug: d5ofitjbb9ppti555kvrasq0e3:renovaLogin Called

2019-10-23 13:08:46 Debug: d5ofitjbb9ppti555kvrasq0e3:renovaLogin Called

2019-10-23 13:08:46 Debug: d5ofitjbb9ppti555kvrasq0e3:renovaLogin Called

2019-10-23 13:08:48 Debug: d5ofitjbb9ppti555kvrasq0e3:renovaLogin Called

2019-10-23 13:08:49 Debug: d5ofitjbb9ppti555kvrasq0e3:renovaLogin Called

2019-10-23 13:08:49 Debug: d5ofitjbb9ppti555kvrasq0e3:renovaLogin Called

2019-10-23 13:08:49 Debug: d5ofitjbb9ppti555kvrasq0e3:renovaLogin Called

2019-10-23 13:09:49 Debug: d5ofitjbb9ppti555kvrasq0e3:renovaLogin Called

2019-10-23 13:09:50 Debug: d5ofitjbb9ppti555kvrasq0e3:renovaLogin Called

2019-10-23 13:09:50 Debug: d5ofitjbb9ppti555kvrasq0e3:renovaLogin Called

2019-10-23 13:09:50 Debug: d5ofitjbb9ppti555kvrasq0e3:renovaLogin Called

2019-10-23 13:11:38 Debug: d5ofitjbb9ppti555kvrasq0e3:renovaLogin Called

2019-10-23 13:11:39 Debug: d5ofitjbb9ppti555kvrasq0e3:renovaLogin Called

2019-10-23 13:11:39 Debug: d5ofitjbb9ppti555kvrasq0e3:renovaLogin Called

2019-10-23 13:11:39 Debug: d5ofitjbb9ppti555kvrasq0e3:renovaLogin Called

2019-10-23 13:12:31 Debug: d5ofitjbb9ppti555kvrasq0e3:renovaLogin Called

2019-10-23 13:12:32 Debug: d5ofitjbb9ppti555kvrasq0e3:renovaLogin Called

2019-10-23 13:12:32 Debug: d5ofitjbb9ppti555kvrasq0e3:renovaLogin Called

2019-10-23 13:12:32 Debug: d5ofitjbb9ppti555kvrasq0e3:renovaLogin Called

2019-10-23 13:12:33 Debug: d5ofitjbb9ppti555kvrasq0e3:renovaLogin Called

2019-10-23 13:12:33 Debug: d5ofitjbb9ppti555kvrasq0e3:renovaLogin Called

2019-10-23 13:19:42 Debug: d5ofitjbb9ppti555kvrasq0e3:renovaLogin Called

2019-10-23 13:19:43 Debug: d5ofitjbb9ppti555kvrasq0e3:renovaLogin Called

2019-10-23 13:19:43 Debug: d5ofitjbb9ppti555kvrasq0e3:renovaLogin Called

2019-10-23 13:19:43 Debug: d5ofitjbb9ppti555kvrasq0e3:renovaLogin Called

2019-10-23 13:19:54 Debug: d5ofitjbb9ppti555kvrasq0e3:renovaLogin Called

2019-10-23 13:19:55 Debug: d5ofitjbb9ppti555kvrasq0e3:renovaLogin Called

2019-10-23 13:19:55 Debug: d5ofitjbb9ppti555kvrasq0e3:renovaLogin Called

2019-10-23 13:19:55 Debug: d5ofitjbb9ppti555kvrasq0e3:renovaLogin Called

2019-10-23 13:19:55 Debug: d5ofitjbb9ppti555kvrasq0e3:renovaLogin Called

2019-10-23 13:19:55 Debug: d5ofitjbb9ppti555kvrasq0e3:renovaLogin Called

2019-10-23 13:21:45 Debug: d5ofitjbb9ppti555kvrasq0e3:renovaLogin Called

2019-10-23 13:21:46 Debug: d5ofitjbb9ppti555kvrasq0e3:renovaLogin Called

2019-10-23 13:21:47 Debug: d5ofitjbb9ppti555kvrasq0e3:renovaLogin Called

2019-10-23 13:21:47 Debug: d5ofitjbb9ppti555kvrasq0e3:renovaLogin Called

2019-10-23 13:22:01 Debug: d5ofitjbb9ppti555kvrasq0e3:renovaLogin Called

2019-10-23 13:22:02 Debug: d5ofitjbb9ppti555kvrasq0e3:renovaLogin Called

2019-10-23 13:22:02 Debug: d5ofitjbb9ppti555kvrasq0e3:renovaLogin Called

2019-10-23 13:22:02 Debug: d5ofitjbb9ppti555kvrasq0e3:renovaLogin Called

2019-10-23 13:25:20 Debug: d5ofitjbb9ppti555kvrasq0e3:renovaLogin Called

2019-10-23 13:25:21 Debug: d5ofitjbb9ppti555kvrasq0e3:renovaLogin Called

2019-10-23 13:25:21 Debug: d5ofitjbb9ppti555kvrasq0e3:renovaLogin Called

2019-10-23 13:25:21 Debug: d5ofitjbb9ppti555kvrasq0e3:renovaLogin Called

2019-10-23 13:25:36 Debug: d5ofitjbb9ppti555kvrasq0e3:renovaLogin Called

2019-10-23 13:25:37 Debug: d5ofitjbb9ppti555kvrasq0e3:renovaLogin Called

2019-10-23 13:25:37 Debug: d5ofitjbb9ppti555kvrasq0e3:renovaLogin Called

2019-10-23 13:25:37 Debug: d5ofitjbb9ppti555kvrasq0e3:renovaLogin Called

2019-10-23 13:30:05 Debug: d5ofitjbb9ppti555kvrasq0e3:renovaLogin Called

2019-10-23 13:30:06 Debug: d5ofitjbb9ppti555kvrasq0e3:renovaLogin Called

2019-10-23 13:30:06 Debug: d5ofitjbb9ppti555kvrasq0e3:renovaLogin Called

2019-10-23 13:30:06 Debug: d5ofitjbb9ppti555kvrasq0e3:renovaLogin Called

2019-10-23 13:38:57 Debug: d5ofitjbb9ppti555kvrasq0e3:renovaLogin Called

2019-10-23 13:38:57 Debug: d5ofitjbb9ppti555kvrasq0e3:renovaLogin Called

2019-10-23 13:38:58 Debug: d5ofitjbb9ppti555kvrasq0e3:renovaLogin Called

2019-10-23 13:38:58 Debug: d5ofitjbb9ppti555kvrasq0e3:renovaLogin Called

2019-10-23 13:51:44 Debug: d5ofitjbb9ppti555kvrasq0e3:renovaLogin Called

2019-10-23 13:51:45 Debug: d5ofitjbb9ppti555kvrasq0e3:renovaLogin Called

2019-10-23 13:51:45 Debug: d5ofitjbb9ppti555kvrasq0e3:renovaLogin Called

2019-10-23 13:51:45 Debug: d5ofitjbb9ppti555kvrasq0e3:renovaLogin Called

2019-10-23 13:53:08 Debug: d5ofitjbb9ppti555kvrasq0e3:renovaLogin Called

2019-10-23 13:53:08 Debug: d5ofitjbb9ppti555kvrasq0e3:renovaLogin Called

2019-10-23 13:53:09 Debug: d5ofitjbb9ppti555kvrasq0e3:renovaLogin Called

2019-10-23 13:53:09 Debug: d5ofitjbb9ppti555kvrasq0e3:renovaLogin Called

2019-10-23 13:54:38 Debug: d5ofitjbb9ppti555kvrasq0e3:renovaLogin Called

2019-10-23 13:54:38 Debug: d5ofitjbb9ppti555kvrasq0e3:renovaLogin Called

2019-10-23 13:54:39 Debug: d5ofitjbb9ppti555kvrasq0e3:renovaLogin Called

2019-10-23 13:54:39 Debug: d5ofitjbb9ppti555kvrasq0e3:renovaLogin Called

2019-10-23 13:55:24 Debug: d5ofitjbb9ppti555kvrasq0e3:renovaLogin Called

2019-10-23 13:55:25 Debug: d5ofitjbb9ppti555kvrasq0e3:renovaLogin Called

2019-10-23 13:55:25 Debug: d5ofitjbb9ppti555kvrasq0e3:renovaLogin Called

2019-10-23 13:55:25 Debug: d5ofitjbb9ppti555kvrasq0e3:renovaLogin Called

2019-10-23 13:56:15 Debug: d5ofitjbb9ppti555kvrasq0e3:renovaLogin Called

2019-10-23 13:56:15 Debug: d5ofitjbb9ppti555kvrasq0e3:renovaLogin Called

2019-10-23 13:56:16 Debug: d5ofitjbb9ppti555kvrasq0e3:renovaLogin Called

2019-10-23 13:56:16 Debug: d5ofitjbb9ppti555kvrasq0e3:renovaLogin Called

2019-10-23 14:02:06 Debug: d5ofitjbb9ppti555kvrasq0e3:renovaLogin Called

2019-10-23 14:02:07 Debug: d5ofitjbb9ppti555kvrasq0e3:renovaLogin Called

2019-10-23 14:02:07 Debug: d5ofitjbb9ppti555kvrasq0e3:renovaLogin Called

2019-10-23 14:02:15 Debug: d5ofitjbb9ppti555kvrasq0e3:renovaLogin Called

2019-10-23 14:02:15 Debug: d5ofitjbb9ppti555kvrasq0e3:renovaLogin Called

2019-10-23 14:02:15 Debug: d5ofitjbb9ppti555kvrasq0e3:renovaLogin Called

2019-10-23 14:02:15 Debug: d5ofitjbb9ppti555kvrasq0e3:renovaLogin Called

2019-10-23 14:02:55 Debug: d5ofitjbb9ppti555kvrasq0e3:renovaLogin Called

2019-10-23 14:02:55 Debug: d5ofitjbb9ppti555kvrasq0e3:renovaLogin Called

2019-10-23 14:02:56 Debug: d5ofitjbb9ppti555kvrasq0e3:renovaLogin Called

2019-10-23 14:02:56 Debug: d5ofitjbb9ppti555kvrasq0e3:renovaLogin Called

2019-10-23 14:02:59 Debug: d5ofitjbb9ppti555kvrasq0e3:renovaLogin Called

2019-10-23 14:02:59 Debug: d5ofitjbb9ppti555kvrasq0e3:renovaLogin Called

2019-10-23 14:03:00 Debug: d5ofitjbb9ppti555kvrasq0e3:renovaLogin Called

2019-10-23 14:03:00 Debug: d5ofitjbb9ppti555kvrasq0e3:renovaLogin Called

2019-10-23 14:03:21 Debug: d5ofitjbb9ppti555kvrasq0e3:renovaLogin Called

2019-10-23 14:03:21 Debug: d5ofitjbb9ppti555kvrasq0e3:renovaLogin Called

2019-10-23 14:03:22 Debug: d5ofitjbb9ppti555kvrasq0e3:renovaLogin Called

2019-10-23 14:03:22 Debug: d5ofitjbb9ppti555kvrasq0e3:renovaLogin Called

2019-10-23 14:04:17 Debug: d5ofitjbb9ppti555kvrasq0e3:renovaLogin Called

2019-10-23 14:04:17 Debug: d5ofitjbb9ppti555kvrasq0e3:renovaLogin Called

2019-10-23 14:04:18 Debug: d5ofitjbb9ppti555kvrasq0e3:renovaLogin Called

2019-10-23 14:04:18 Debug: d5ofitjbb9ppti555kvrasq0e3:renovaLogin Called

2019-10-23 14:04:26 Debug: d5ofitjbb9ppti555kvrasq0e3:renovaLogin Called

2019-10-23 14:04:26 Debug: d5ofitjbb9ppti555kvrasq0e3:renovaLogin Called

2019-10-23 14:04:27 Debug: d5ofitjbb9ppti555kvrasq0e3:renovaLogin Called

2019-10-23 14:04:27 Debug: d5ofitjbb9ppti555kvrasq0e3:renovaLogin Called

2019-10-23 14:05:13 Debug: d5ofitjbb9ppti555kvrasq0e3:renovaLogin Called

2019-10-23 14:05:14 Debug: d5ofitjbb9ppti555kvrasq0e3:renovaLogin Called

2019-10-23 14:05:15 Debug: d5ofitjbb9ppti555kvrasq0e3:renovaLogin Called

2019-10-23 14:05:15 Debug: d5ofitjbb9ppti555kvrasq0e3:renovaLogin Called

2019-10-23 14:05:43 Debug: d5ofitjbb9ppti555kvrasq0e3:renovaLogin Called

2019-10-23 14:05:44 Debug: d5ofitjbb9ppti555kvrasq0e3:renovaLogin Called

2019-10-23 14:05:44 Debug: d5ofitjbb9ppti555kvrasq0e3:renovaLogin Called

2019-10-23 14:05:44 Debug: d5ofitjbb9ppti555kvrasq0e3:renovaLogin Called

2019-10-23 14:06:01 Debug: d5ofitjbb9ppti555kvrasq0e3:renovaLogin Called

2019-10-23 14:06:02 Debug: d5ofitjbb9ppti555kvrasq0e3:renovaLogin Called

2019-10-23 14:06:02 Debug: d5ofitjbb9ppti555kvrasq0e3:renovaLogin Called

2019-10-23 14:06:02 Debug: d5ofitjbb9ppti555kvrasq0e3:renovaLogin Called

2019-10-23 14:07:57 Debug: d5ofitjbb9ppti555kvrasq0e3:renovaLogin Called

2019-10-23 14:07:58 Debug: d5ofitjbb9ppti555kvrasq0e3:renovaLogin Called

2019-10-23 14:07:58 Debug: d5ofitjbb9ppti555kvrasq0e3:renovaLogin Called

2019-10-23 14:07:58 Debug: d5ofitjbb9ppti555kvrasq0e3:renovaLogin Called

2019-10-23 14:09:06 Debug: d5ofitjbb9ppti555kvrasq0e3:renovaLogin Called

2019-10-23 14:09:06 Debug: d5ofitjbb9ppti555kvrasq0e3:renovaLogin Called

2019-10-23 14:09:07 Debug: d5ofitjbb9ppti555kvrasq0e3:renovaLogin Called

2019-10-23 14:09:07 Debug: d5ofitjbb9ppti555kvrasq0e3:renovaLogin Called

2019-10-23 14:10:07 Debug: d5ofitjbb9ppti555kvrasq0e3:renovaLogin Called

2019-10-23 14:10:08 Debug: d5ofitjbb9ppti555kvrasq0e3:renovaLogin Called

2019-10-23 14:10:09 Debug: d5ofitjbb9ppti555kvrasq0e3:renovaLogin Called

2019-10-23 14:10:09 Debug: d5ofitjbb9ppti555kvrasq0e3:renovaLogin Called

2019-10-23 14:10:35 Debug: d5ofitjbb9ppti555kvrasq0e3:renovaLogin Called

2019-10-23 14:10:35 Debug: d5ofitjbb9ppti555kvrasq0e3:renovaLogin Called

2019-10-23 14:10:36 Debug: d5ofitjbb9ppti555kvrasq0e3:renovaLogin Called

2019-10-23 14:10:36 Debug: d5ofitjbb9ppti555kvrasq0e3:renovaLogin Called

2019-10-23 14:11:12 Debug: d5ofitjbb9ppti555kvrasq0e3:renovaLogin Called

2019-10-23 14:11:13 Debug: d5ofitjbb9ppti555kvrasq0e3:renovaLogin Called

2019-10-23 14:11:13 Debug: d5ofitjbb9ppti555kvrasq0e3:renovaLogin Called

2019-10-23 14:11:13 Debug: d5ofitjbb9ppti555kvrasq0e3:renovaLogin Called

2019-10-23 14:11:20 Debug: d5ofitjbb9ppti555kvrasq0e3:renovaLogin Called

2019-10-23 14:11:20 Debug: d5ofitjbb9ppti555kvrasq0e3:renovaLogin Called

2019-10-23 14:11:21 Debug: d5ofitjbb9ppti555kvrasq0e3:renovaLogin Called

2019-10-23 14:11:21 Debug: d5ofitjbb9ppti555kvrasq0e3:renovaLogin Called

2019-10-23 14:12:38 Debug: d5ofitjbb9ppti555kvrasq0e3:renovaLogin Called

2019-10-23 14:12:39 Debug: d5ofitjbb9ppti555kvrasq0e3:renovaLogin Called

2019-10-23 14:12:40 Debug: d5ofitjbb9ppti555kvrasq0e3:renovaLogin Called

2019-10-23 14:12:40 Debug: d5ofitjbb9ppti555kvrasq0e3:renovaLogin Called

2019-10-23 14:14:16 Debug: d5ofitjbb9ppti555kvrasq0e3:renovaLogin Called

2019-10-23 14:14:17 Debug: d5ofitjbb9ppti555kvrasq0e3:renovaLogin Called

2019-10-23 14:14:17 Debug: d5ofitjbb9ppti555kvrasq0e3:renovaLogin Called

2019-10-23 14:14:17 Debug: d5ofitjbb9ppti555kvrasq0e3:renovaLogin Called

2019-10-23 14:16:47 Debug: d5ofitjbb9ppti555kvrasq0e3:renovaLogin Called

2019-10-23 14:16:51 Debug: d5ofitjbb9ppti555kvrasq0e3:renovaLogin Called

2019-10-23 14:16:51 Debug: d5ofitjbb9ppti555kvrasq0e3:renovaLogin Called

2019-10-23 14:16:51 Debug: d5ofitjbb9ppti555kvrasq0e3:renovaLogin Called

2019-10-23 14:17:39 Debug: d5ofitjbb9ppti555kvrasq0e3:renovaLogin Called

2019-10-23 14:17:40 Debug: d5ofitjbb9ppti555kvrasq0e3:renovaLogin Called

2019-10-23 14:17:40 Debug: d5ofitjbb9ppti555kvrasq0e3:renovaLogin Called

2019-10-23 14:17:40 Debug: d5ofitjbb9ppti555kvrasq0e3:renovaLogin Called

2019-10-23 14:21:04 Debug: d5ofitjbb9ppti555kvrasq0e3:renovaLogin Called

2019-10-23 14:21:05 Debug: d5ofitjbb9ppti555kvrasq0e3:renovaLogin Called

2019-10-23 14:21:05 Debug: d5ofitjbb9ppti555kvrasq0e3:renovaLogin Called

2019-10-23 14:21:05 Debug: d5ofitjbb9ppti555kvrasq0e3:renovaLogin Called

2019-10-23 14:21:08 Debug: d5ofitjbb9ppti555kvrasq0e3:renovaLogin Called

2019-10-23 14:21:09 Debug: d5ofitjbb9ppti555kvrasq0e3:renovaLogin Called

2019-10-23 14:21:09 Debug: d5ofitjbb9ppti555kvrasq0e3:renovaLogin Called

2019-10-23 14:21:09 Debug: d5ofitjbb9ppti555kvrasq0e3:renovaLogin Called

2019-10-23 14:21:46 Debug: d5ofitjbb9ppti555kvrasq0e3:renovaLogin Called

2019-10-23 14:21:47 Debug: d5ofitjbb9ppti555kvrasq0e3:renovaLogin Called

2019-10-23 14:21:47 Debug: d5ofitjbb9ppti555kvrasq0e3:renovaLogin Called

2019-10-23 14:21:47 Debug: d5ofitjbb9ppti555kvrasq0e3:renovaLogin Called

2019-10-23 14:21:54 Debug: d5ofitjbb9ppti555kvrasq0e3:renovaLogin Called

2019-10-23 14:21:55 Debug: d5ofitjbb9ppti555kvrasq0e3:renovaLogin Called

2019-10-23 14:21:55 Debug: d5ofitjbb9ppti555kvrasq0e3:renovaLogin Called

2019-10-23 14:21:55 Debug: d5ofitjbb9ppti555kvrasq0e3:renovaLogin Called

2019-10-23 14:23:12 Debug: d5ofitjbb9ppti555kvrasq0e3:renovaLogin Called

2019-10-23 14:23:13 Debug: d5ofitjbb9ppti555kvrasq0e3:renovaLogin Called

2019-10-23 14:23:13 Debug: d5ofitjbb9ppti555kvrasq0e3:renovaLogin Called

2019-10-23 14:23:13 Debug: d5ofitjbb9ppti555kvrasq0e3:renovaLogin Called

2019-10-23 14:23:16 Debug: d5ofitjbb9ppti555kvrasq0e3:UserLogout called

2019-10-23 14:23:16 Debug: 9lhqbjeuk6lau4ca3ih7bp81c1:renovaLogin Called

2019-10-23 14:23:16 Debug: 9lhqbjeuk6lau4ca3ih7bp81c1:renovaLogin Called

2019-10-23 14:23:17 Debug: 9lhqbjeuk6lau4ca3ih7bp81c1:renovaLogin Called

2019-10-23 14:23:17 Debug: 9lhqbjeuk6lau4ca3ih7bp81c1:renovaLogin Called

2019-10-23 14:23:23 Debug: 9lhqbjeuk6lau4ca3ih7bp81c1:renovaLogin Called

2019-10-23 14:23:23 Debug: 9lhqbjeuk6lau4ca3ih7bp81c1:renovaLogin Called

2019-10-23 14:23:24 Debug: 9lhqbjeuk6lau4ca3ih7bp81c1:renovaLogin Called

2019-10-23 14:23:24 Debug: 9lhqbjeuk6lau4ca3ih7bp81c1:renovaLogin Called

2019-10-23 14:23:26 Debug: 9lhqbjeuk6lau4ca3ih7bp81c1:renovaLogin Called

2019-10-23 14:23:26 Debug: 9lhqbjeuk6lau4ca3ih7bp81c1:renovaLogin Called

2019-10-23 14:23:26 Debug: 9lhqbjeuk6lau4ca3ih7bp81c1:renovaLogin Called

2019-10-23 14:23:26 Debug: 9lhqbjeuk6lau4ca3ih7bp81c1:renovaLogin Called

2019-10-23 14:26:15 Debug: 9lhqbjeuk6lau4ca3ih7bp81c1:renovaLogin Called

2019-10-23 14:26:16 Debug: 9lhqbjeuk6lau4ca3ih7bp81c1:renovaLogin Called

2019-10-23 14:26:16 Debug: 9lhqbjeuk6lau4ca3ih7bp81c1:renovaLogin Called

2019-10-23 14:26:20 Debug: 9lhqbjeuk6lau4ca3ih7bp81c1:renovaLogin Called

2019-10-23 14:26:20 Debug: 9lhqbjeuk6lau4ca3ih7bp81c1:renovaLogin Called

2019-10-23 14:26:20 Debug: 9lhqbjeuk6lau4ca3ih7bp81c1:renovaLogin Called

2019-10-23 14:26:20 Debug: 9lhqbjeuk6lau4ca3ih7bp81c1:renovaLogin Called

2019-10-23 14:26:22 Debug: 9lhqbjeuk6lau4ca3ih7bp81c1:renovaLogin Called

2019-10-23 14:26:23 Debug: 9lhqbjeuk6lau4ca3ih7bp81c1:renovaLogin Called

2019-10-23 14:26:23 Debug: 9lhqbjeuk6lau4ca3ih7bp81c1:renovaLogin Called

2019-10-23 14:26:23 Debug: 9lhqbjeuk6lau4ca3ih7bp81c1:renovaLogin Called

2019-10-23 14:27:46 Debug: 9lhqbjeuk6lau4ca3ih7bp81c1:renovaLogin Called

2019-10-23 14:27:58 Debug: 9lhqbjeuk6lau4ca3ih7bp81c1:renovaLogin Called

2019-10-23 14:27:58 Debug: 9lhqbjeuk6lau4ca3ih7bp81c1:renovaLogin Called

2019-10-23 14:31:34 Debug: 9lhqbjeuk6lau4ca3ih7bp81c1:renovaLogin Called

2019-10-23 14:31:34 Debug: 9lhqbjeuk6lau4ca3ih7bp81c1:renovaLogin Called

2019-10-23 14:31:34 Debug: 9lhqbjeuk6lau4ca3ih7bp81c1:renovaLogin Called

2019-10-23 14:32:05 Debug: 9lhqbjeuk6lau4ca3ih7bp81c1:renovaLogin Called

2019-10-23 14:32:06 Debug: 9lhqbjeuk6lau4ca3ih7bp81c1:renovaLogin Called

2019-10-23 14:32:06 Debug: 9lhqbjeuk6lau4ca3ih7bp81c1:renovaLogin Called

2019-10-23 14:32:31 Debug: 9lhqbjeuk6lau4ca3ih7bp81c1:renovaLogin Called

2019-10-23 14:32:32 Debug: 9lhqbjeuk6lau4ca3ih7bp81c1:renovaLogin Called

2019-10-23 14:32:32 Debug: 9lhqbjeuk6lau4ca3ih7bp81c1:renovaLogin Called

2019-10-23 14:33:14 Debug: 9lhqbjeuk6lau4ca3ih7bp81c1:renovaLogin Called

2019-10-23 14:33:15 Debug: 9lhqbjeuk6lau4ca3ih7bp81c1:renovaLogin Called

2019-10-23 14:33:15 Debug: 9lhqbjeuk6lau4ca3ih7bp81c1:renovaLogin Called

2019-10-23 14:33:21 Debug: 9lhqbjeuk6lau4ca3ih7bp81c1:renovaLogin Called

2019-10-23 14:33:22 Debug: 9lhqbjeuk6lau4ca3ih7bp81c1:renovaLogin Called

2019-10-23 14:33:22 Debug: 9lhqbjeuk6lau4ca3ih7bp81c1:renovaLogin Called

2019-10-23 14:33:27 Debug: 9lhqbjeuk6lau4ca3ih7bp81c1:renovaLogin Called

2019-10-23 14:33:28 Debug: 9lhqbjeuk6lau4ca3ih7bp81c1:renovaLogin Called

2019-10-23 14:33:28 Debug: 9lhqbjeuk6lau4ca3ih7bp81c1:renovaLogin Called

2019-10-23 14:33:48 Debug: tctub4l88auirrpvc109p5ho74:renovaLogin Called

2019-10-23 14:33:49 Debug: tctub4l88auirrpvc109p5ho74:renovaLogin Called

2019-10-23 14:33:49 Debug: tctub4l88auirrpvc109p5ho74:renovaLogin Called

2019-10-23 14:34:01 Debug: tctub4l88auirrpvc109p5ho74:renovaLogin Called

2019-10-23 14:34:01 Debug: tctub4l88auirrpvc109p5ho74:renovaLogin Called

2019-10-23 14:34:02 Debug: tctub4l88auirrpvc109p5ho74:renovaLogin Called

2019-10-23 14:34:02 Debug: tctub4l88auirrpvc109p5ho74:renovaLogin Called

2019-10-23 14:38:00 Debug: tctub4l88auirrpvc109p5ho74:renovaLogin Called

2019-10-23 14:38:00 Debug: tctub4l88auirrpvc109p5ho74:renovaLogin Called

2019-10-23 14:38:01 Debug: tctub4l88auirrpvc109p5ho74:renovaLogin Called

2019-10-23 14:38:01 Debug: tctub4l88auirrpvc109p5ho74:renovaLogin Called

2019-10-23 14:38:04 Debug: tctub4l88auirrpvc109p5ho74:renovaLogin Called

2019-10-23 14:38:04 Debug: tctub4l88auirrpvc109p5ho74:renovaLogin Called

2019-10-23 14:38:04 Debug: tctub4l88auirrpvc109p5ho74:renovaLogin Called

2019-10-23 14:38:16 Debug: tctub4l88auirrpvc109p5ho74:renovaLogin Called

2019-10-23 14:38:17 Debug: tctub4l88auirrpvc109p5ho74:renovaLogin Called

2019-10-23 14:38:17 Debug: tctub4l88auirrpvc109p5ho74:renovaLogin Called

2019-10-23 14:38:20 Debug: tctub4l88auirrpvc109p5ho74:renovaLogin Called

2019-10-23 14:38:20 Debug: tctub4l88auirrpvc109p5ho74:renovaLogin Called

2019-10-23 14:38:20 Debug: tctub4l88auirrpvc109p5ho74:renovaLogin Called

2019-10-23 14:38:22 Debug: tctub4l88auirrpvc109p5ho74:renovaLogin Called

2019-10-23 14:38:22 Debug: tctub4l88auirrpvc109p5ho74:renovaLogin Called

2019-10-23 14:38:23 Debug: tctub4l88auirrpvc109p5ho74:renovaLogin Called

2019-10-23 14:38:23 Debug: tctub4l88auirrpvc109p5ho74:renovaLogin Called

2019-10-23 14:38:35 Debug: tctub4l88auirrpvc109p5ho74:renovaLogin Called

2019-10-23 14:38:35 Debug: tctub4l88auirrpvc109p5ho74:renovaLogin Called

2019-10-23 14:38:35 Debug: tctub4l88auirrpvc109p5ho74:renovaLogin Called

2019-10-23 14:38:35 Debug: tctub4l88auirrpvc109p5ho74:renovaLogin Called

2019-10-23 14:38:37 Debug: tctub4l88auirrpvc109p5ho74:renovaLogin Called

2019-10-23 14:38:37 Debug: tctub4l88auirrpvc109p5ho74:renovaLogin Called

2019-10-23 14:38:37 Debug: tctub4l88auirrpvc109p5ho74:renovaLogin Called

2019-10-23 14:40:46 Debug: tctub4l88auirrpvc109p5ho74:renovaLogin Called

2019-10-23 14:40:46 Debug: tctub4l88auirrpvc109p5ho74:renovaLogin Called

2019-10-23 14:40:46 Debug: tctub4l88auirrpvc109p5ho74:renovaLogin Called

2019-10-23 14:40:47 Debug: tctub4l88auirrpvc109p5ho74:renovaLogin Called

2019-10-23 14:40:47 Debug: tctub4l88auirrpvc109p5ho74:renovaLogin Called

2019-10-23 14:42:21 Debug: tctub4l88auirrpvc109p5ho74:renovaLogin Called

2019-10-23 14:42:21 Debug: tctub4l88auirrpvc109p5ho74:renovaLogin Called

2019-10-23 14:42:21 Debug: tctub4l88auirrpvc109p5ho74:renovaLogin Called

2019-10-23 14:42:21 Debug: tctub4l88auirrpvc109p5ho74:renovaLogin Called

2019-10-23 14:42:21 Debug: tctub4l88auirrpvc109p5ho74:renovaLogin Called

2019-10-23 14:42:22 Debug: tctub4l88auirrpvc109p5ho74:renovaLogin Called

2019-10-23 14:42:22 Debug: tctub4l88auirrpvc109p5ho74:renovaLogin Called

2019-10-23 14:42:23 Debug: tctub4l88auirrpvc109p5ho74:renovaLogin Called

2019-10-23 14:42:23 Debug: tctub4l88auirrpvc109p5ho74:renovaLogin Called

2019-10-23 14:42:28 Debug: tctub4l88auirrpvc109p5ho74:renovaLogin Called

2019-10-23 14:42:28 Debug: tctub4l88auirrpvc109p5ho74:renovaLogin Called

2019-10-23 14:42:28 Debug: tctub4l88auirrpvc109p5ho74:renovaLogin Called

2019-10-23 14:42:28 Debug: tctub4l88auirrpvc109p5ho74:renovaLogin Called

2019-10-23 14:42:28 Debug: tctub4l88auirrpvc109p5ho74:renovaLogin Called

2019-10-23 14:42:44 Debug: tctub4l88auirrpvc109p5ho74:renovaLogin Called

2019-10-23 14:42:44 Debug: tctub4l88auirrpvc109p5ho74:renovaLogin Called

2019-10-23 14:42:44 Debug: tctub4l88auirrpvc109p5ho74:renovaLogin Called

2019-10-23 14:42:52 Debug: tctub4l88auirrpvc109p5ho74:renovaLogin Called

2019-10-23 14:42:52 Debug: tctub4l88auirrpvc109p5ho74:renovaLogin Called

2019-10-23 14:42:52 Debug: tctub4l88auirrpvc109p5ho74:renovaLogin Called

2019-10-23 14:43:28 Debug: tctub4l88auirrpvc109p5ho74:renovaLogin Called

2019-10-23 14:43:29 Debug: tctub4l88auirrpvc109p5ho74:renovaLogin Called

2019-10-23 14:43:29 Debug: tctub4l88auirrpvc109p5ho74:renovaLogin Called

2019-10-23 14:43:33 Debug: tctub4l88auirrpvc109p5ho74:renovaLogin Called

2019-10-23 14:43:33 Debug: tctub4l88auirrpvc109p5ho74:renovaLogin Called

2019-10-23 14:43:33 Debug: tctub4l88auirrpvc109p5ho74:renovaLogin Called

2019-10-23 14:44:10 Debug: tctub4l88auirrpvc109p5ho74:renovaLogin Called

2019-10-23 14:44:11 Debug: tctub4l88auirrpvc109p5ho74:renovaLogin Called

2019-10-23 14:44:11 Debug: tctub4l88auirrpvc109p5ho74:renovaLogin Called

2019-10-23 14:44:11 Debug: tctub4l88auirrpvc109p5ho74:renovaLogin Called

2019-10-23 14:44:11 Debug: tctub4l88auirrpvc109p5ho74:renovaLogin Called

2019-10-23 14:44:32 Debug: tctub4l88auirrpvc109p5ho74:renovaLogin Called

2019-10-23 14:44:32 Debug: tctub4l88auirrpvc109p5ho74:renovaLogin Called

2019-10-23 14:44:32 Debug: tctub4l88auirrpvc109p5ho74:renovaLogin Called

2019-10-23 14:46:26 Debug: tctub4l88auirrpvc109p5ho74:renovaLogin Called

2019-10-23 14:46:26 Debug: tctub4l88auirrpvc109p5ho74:renovaLogin Called

2019-10-23 14:46:26 Debug: tctub4l88auirrpvc109p5ho74:renovaLogin Called

2019-10-23 14:49:17 Debug: tctub4l88auirrpvc109p5ho74:renovaLogin Called

2019-10-23 14:49:18 Debug: tctub4l88auirrpvc109p5ho74:renovaLogin Called

2019-10-23 14:49:18 Debug: tctub4l88auirrpvc109p5ho74:renovaLogin Called

2019-10-23 14:52:46 Debug: tctub4l88auirrpvc109p5ho74:renovaLogin Called

2019-10-23 14:52:46 Debug: tctub4l88auirrpvc109p5ho74:renovaLogin Called

2019-10-23 14:52:46 Debug: tctub4l88auirrpvc109p5ho74:renovaLogin Called

2019-10-23 14:53:02 Debug: tctub4l88auirrpvc109p5ho74:renovaLogin Called

2019-10-23 14:53:03 Debug: tctub4l88auirrpvc109p5ho74:renovaLogin Called

2019-10-23 14:53:03 Debug: tctub4l88auirrpvc109p5ho74:renovaLogin Called

2019-10-23 14:55:31 Debug: tctub4l88auirrpvc109p5ho74:renovaLogin Called

2019-10-23 14:55:32 Debug: tctub4l88auirrpvc109p5ho74:renovaLogin Called

2019-10-23 14:55:32 Debug: tctub4l88auirrpvc109p5ho74:renovaLogin Called

2019-10-23 14:55:47 Debug: tctub4l88auirrpvc109p5ho74:renovaLogin Called

2019-10-23 14:55:47 Debug: tctub4l88auirrpvc109p5ho74:renovaLogin Called

2019-10-23 14:55:47 Debug: tctub4l88auirrpvc109p5ho74:renovaLogin Called

2019-10-23 14:56:47 Debug: tctub4l88auirrpvc109p5ho74:renovaLogin Called

2019-10-23 14:56:47 Debug: tctub4l88auirrpvc109p5ho74:renovaLogin Called

2019-10-23 14:56:47 Debug: tctub4l88auirrpvc109p5ho74:renovaLogin Called

2019-10-23 14:57:09 Debug: tctub4l88auirrpvc109p5ho74:renovaLogin Called

2019-10-23 14:57:09 Debug: tctub4l88auirrpvc109p5ho74:renovaLogin Called

2019-10-23 14:57:09 Debug: tctub4l88auirrpvc109p5ho74:renovaLogin Called

2019-10-23 14:57:09 Debug: tctub4l88auirrpvc109p5ho74:renovaLogin Called

2019-10-23 14:57:10 Debug: tctub4l88auirrpvc109p5ho74:renovaLogin Called

2019-10-23 14:57:10 Debug: tctub4l88auirrpvc109p5ho74:renovaLogin Called

2019-10-23 14:58:29 Debug: tctub4l88auirrpvc109p5ho74:renovaLogin Called

2019-10-23 14:58:30 Debug: tctub4l88auirrpvc109p5ho74:renovaLogin Called

2019-10-23 14:58:30 Debug: tctub4l88auirrpvc109p5ho74:renovaLogin Called

2019-10-23 14:58:55 Debug: tctub4l88auirrpvc109p5ho74:renovaLogin Called

2019-10-23 14:58:55 Debug: tctub4l88auirrpvc109p5ho74:renovaLogin Called

2019-10-23 14:58:55 Debug: tctub4l88auirrpvc109p5ho74:renovaLogin Called

2019-10-23 14:59:26 Debug: tctub4l88auirrpvc109p5ho74:renovaLogin Called

2019-10-23 14:59:27 Debug: tctub4l88auirrpvc109p5ho74:renovaLogin Called

2019-10-23 14:59:27 Debug: tctub4l88auirrpvc109p5ho74:renovaLogin Called

2019-10-23 14:59:40 Debug: tctub4l88auirrpvc109p5ho74:renovaLogin Called

2019-10-23 14:59:40 Debug: tctub4l88auirrpvc109p5ho74:renovaLogin Called

2019-10-23 14:59:40 Debug: tctub4l88auirrpvc109p5ho74:renovaLogin Called

2019-10-23 15:00:13 Debug: tctub4l88auirrpvc109p5ho74:renovaLogin Called

2019-10-23 15:00:13 Debug: tctub4l88auirrpvc109p5ho74:renovaLogin Called

2019-10-23 15:00:14 Debug: tctub4l88auirrpvc109p5ho74:renovaLogin Called

2019-10-23 15:00:14 Debug: tctub4l88auirrpvc109p5ho74:renovaLogin Called

2019-10-23 15:00:27 Debug: tctub4l88auirrpvc109p5ho74:renovaLogin Called

2019-10-23 15:00:27 Debug: tctub4l88auirrpvc109p5ho74:renovaLogin Called

2019-10-23 15:00:31 Debug: tctub4l88auirrpvc109p5ho74:renovaLogin Called

2019-10-23 15:00:31 Debug: tctub4l88auirrpvc109p5ho74:renovaLogin Called

2019-10-23 15:00:31 Debug: tctub4l88auirrpvc109p5ho74:renovaLogin Called

2019-10-23 15:34:14 Debug: tctub4l88auirrpvc109p5ho74:renovaLogin Called

2019-10-23 15:34:14 Debug: tctub4l88auirrpvc109p5ho74:renovaLogin Called

2019-10-23 15:34:15 Debug: tctub4l88auirrpvc109p5ho74:renovaLogin Called

2019-10-23 15:34:15 Debug: tctub4l88auirrpvc109p5ho74:renovaLogin Called

2019-10-23 15:37:02 Debug: tctub4l88auirrpvc109p5ho74:renovaLogin Called

2019-10-23 15:37:03 Debug: tctub4l88auirrpvc109p5ho74:renovaLogin Called

2019-10-23 15:37:03 Debug: tctub4l88auirrpvc109p5ho74:renovaLogin Called

2019-10-23 15:37:05 Debug: tctub4l88auirrpvc109p5ho74:renovaLogin Called

2019-10-23 15:37:06 Debug: tctub4l88auirrpvc109p5ho74:renovaLogin Called

2019-10-23 15:37:06 Debug: tctub4l88auirrpvc109p5ho74:renovaLogin Called

2019-10-23 15:37:27 Debug: tctub4l88auirrpvc109p5ho74:renovaLogin Called

2019-10-23 15:37:27 Debug: tctub4l88auirrpvc109p5ho74:renovaLogin Called

2019-10-23 15:37:27 Debug: tctub4l88auirrpvc109p5ho74:renovaLogin Called

2019-10-23 15:37:58 Debug: tctub4l88auirrpvc109p5ho74:renovaLogin Called

2019-10-23 15:37:59 Debug: tctub4l88auirrpvc109p5ho74:renovaLogin Called

2019-10-23 15:37:59 Debug: tctub4l88auirrpvc109p5ho74:renovaLogin Called

2019-10-23 15:38:22 Debug: tctub4l88auirrpvc109p5ho74:renovaLogin Called

2019-10-23 15:38:22 Debug: tctub4l88auirrpvc109p5ho74:renovaLogin Called

2019-10-23 15:38:22 Debug: tctub4l88auirrpvc109p5ho74:renovaLogin Called

2019-10-23 15:38:58 Debug: tctub4l88auirrpvc109p5ho74:renovaLogin Called

2019-10-23 15:38:59 Debug: tctub4l88auirrpvc109p5ho74:renovaLogin Called

2019-10-23 15:38:59 Debug: tctub4l88auirrpvc109p5ho74:renovaLogin Called

2019-10-23 15:39:38 Debug: tctub4l88auirrpvc109p5ho74:renovaLogin Called

2019-10-23 15:39:38 Debug: tctub4l88auirrpvc109p5ho74:renovaLogin Called

2019-10-23 15:39:38 Debug: tctub4l88auirrpvc109p5ho74:renovaLogin Called

2019-10-23 15:39:49 Debug: tctub4l88auirrpvc109p5ho74:renovaLogin Called

2019-10-23 15:39:49 Debug: tctub4l88auirrpvc109p5ho74:renovaLogin Called

2019-10-23 15:39:49 Debug: tctub4l88auirrpvc109p5ho74:renovaLogin Called

2019-10-23 15:40:18 Debug: tctub4l88auirrpvc109p5ho74:renovaLogin Called

2019-10-23 15:40:18 Debug: tctub4l88auirrpvc109p5ho74:renovaLogin Called

2019-10-23 15:40:18 Debug: tctub4l88auirrpvc109p5ho74:renovaLogin Called

2019-10-23 15:40:39 Debug: tctub4l88auirrpvc109p5ho74:renovaLogin Called

2019-10-23 15:40:40 Debug: tctub4l88auirrpvc109p5ho74:renovaLogin Called

2019-10-23 15:40:40 Debug: tctub4l88auirrpvc109p5ho74:renovaLogin Called

2019-10-23 15:41:10 Debug: tctub4l88auirrpvc109p5ho74:renovaLogin Called

2019-10-23 15:41:11 Debug: tctub4l88auirrpvc109p5ho74:renovaLogin Called

2019-10-23 15:41:11 Debug: tctub4l88auirrpvc109p5ho74:renovaLogin Called

2019-10-23 15:41:28 Debug: tctub4l88auirrpvc109p5ho74:renovaLogin Called

2019-10-23 15:41:28 Debug: tctub4l88auirrpvc109p5ho74:renovaLogin Called

2019-10-23 15:41:28 Debug: tctub4l88auirrpvc109p5ho74:renovaLogin Called

2019-10-23 15:41:38 Debug: tctub4l88auirrpvc109p5ho74:renovaLogin Called

2019-10-23 15:41:38 Debug: tctub4l88auirrpvc109p5ho74:renovaLogin Called

2019-10-23 15:41:38 Debug: tctub4l88auirrpvc109p5ho74:renovaLogin Called

2019-10-23 15:41:47 Debug: tctub4l88auirrpvc109p5ho74:renovaLogin Called

2019-10-23 15:41:47 Debug: tctub4l88auirrpvc109p5ho74:renovaLogin Called

2019-10-23 15:41:47 Debug: tctub4l88auirrpvc109p5ho74:renovaLogin Called

2019-10-23 15:41:50 Debug: tctub4l88auirrpvc109p5ho74:renovaLogin Called

2019-10-23 15:41:50 Debug: tctub4l88auirrpvc109p5ho74:renovaLogin Called

2019-10-23 15:41:50 Debug: tctub4l88auirrpvc109p5ho74:renovaLogin Called

2019-10-23 15:41:56 Debug: tctub4l88auirrpvc109p5ho74:renovaLogin Called

2019-10-23 15:41:56 Debug: tctub4l88auirrpvc109p5ho74:renovaLogin Called

2019-10-23 15:41:56 Debug: tctub4l88auirrpvc109p5ho74:renovaLogin Called

2019-10-23 15:42:46 Debug: tctub4l88auirrpvc109p5ho74:renovaLogin Called

2019-10-23 15:42:47 Debug: tctub4l88auirrpvc109p5ho74:renovaLogin Called

2019-10-23 15:42:47 Debug: tctub4l88auirrpvc109p5ho74:renovaLogin Called

2019-10-23 15:43:54 Debug: tctub4l88auirrpvc109p5ho74:renovaLogin Called

2019-10-23 15:43:55 Debug: tctub4l88auirrpvc109p5ho74:renovaLogin Called

2019-10-23 15:43:55 Debug: tctub4l88auirrpvc109p5ho74:renovaLogin Called

2019-10-23 15:44:20 Debug: tctub4l88auirrpvc109p5ho74:renovaLogin Called

2019-10-23 15:44:20 Debug: tctub4l88auirrpvc109p5ho74:renovaLogin Called

2019-10-23 15:44:21 Debug: tctub4l88auirrpvc109p5ho74:renovaLogin Called

2019-10-23 15:44:21 Debug: tctub4l88auirrpvc109p5ho74:renovaLogin Called

2019-10-23 15:44:26 Debug: tctub4l88auirrpvc109p5ho74:renovaLogin Called

2019-10-23 15:44:26 Debug: tctub4l88auirrpvc109p5ho74:renovaLogin Called

2019-10-23 15:44:54 Debug: tctub4l88auirrpvc109p5ho74:renovaLogin Called

2019-10-23 15:44:54 Debug: tctub4l88auirrpvc109p5ho74:renovaLogin Called

2019-10-23 15:44:54 Debug: tctub4l88auirrpvc109p5ho74:renovaLogin Called

2019-10-23 15:45:13 Debug: tctub4l88auirrpvc109p5ho74:renovaLogin Called

2019-10-23 15:45:13 Debug: tctub4l88auirrpvc109p5ho74:renovaLogin Called

2019-10-23 15:45:13 Debug: tctub4l88auirrpvc109p5ho74:renovaLogin Called

2019-10-23 15:45:16 Debug: tctub4l88auirrpvc109p5ho74:renovaLogin Called

2019-10-23 15:45:16 Debug: tctub4l88auirrpvc109p5ho74:renovaLogin Called

2019-10-23 15:45:16 Debug: tctub4l88auirrpvc109p5ho74:renovaLogin Called

2019-10-23 15:49:25 Debug: tctub4l88auirrpvc109p5ho74:renovaLogin Called

2019-10-23 15:49:25 Debug: tctub4l88auirrpvc109p5ho74:renovaLogin Called

2019-10-23 15:49:25 Debug: tctub4l88auirrpvc109p5ho74:renovaLogin Called

2019-10-23 15:52:05 Debug: tctub4l88auirrpvc109p5ho74:renovaLogin Called

2019-10-23 15:52:05 Debug: tctub4l88auirrpvc109p5ho74:renovaLogin Called

2019-10-23 15:52:05 Debug: tctub4l88auirrpvc109p5ho74:renovaLogin Called

2019-10-23 15:52:05 Debug: tctub4l88auirrpvc109p5ho74:renovaLogin Called

2019-10-23 15:52:05 Debug: tctub4l88auirrpvc109p5ho74:renovaLogin Called

2019-10-23 15:52:15 Debug: tctub4l88auirrpvc109p5ho74:renovaLogin Called

2019-10-23 15:52:16 Debug: tctub4l88auirrpvc109p5ho74:renovaLogin Called

2019-10-23 15:52:16 Debug: tctub4l88auirrpvc109p5ho74:renovaLogin Called

2019-10-23 15:52:29 Debug: tctub4l88auirrpvc109p5ho74:renovaLogin Called

2019-10-23 15:52:29 Debug: tctub4l88auirrpvc109p5ho74:renovaLogin Called

2019-10-23 15:52:30 Debug: tctub4l88auirrpvc109p5ho74:renovaLogin Called

2019-10-23 15:52:30 Debug: tctub4l88auirrpvc109p5ho74:renovaLogin Called

2019-10-23 15:53:28 Debug: tctub4l88auirrpvc109p5ho74:renovaLogin Called

2019-10-23 15:53:28 Debug: tctub4l88auirrpvc109p5ho74:renovaLogin Called

2019-10-23 15:53:29 Debug: tctub4l88auirrpvc109p5ho74:renovaLogin Called

2019-10-23 15:53:29 Debug: tctub4l88auirrpvc109p5ho74:renovaLogin Called

2019-10-23 15:53:31 Debug: tctub4l88auirrpvc109p5ho74:renovaLogin Called

2019-10-23 15:53:31 Debug: tctub4l88auirrpvc109p5ho74:renovaLogin Called

2019-10-23 15:53:31 Debug: tctub4l88auirrpvc109p5ho74:renovaLogin Called

2019-10-23 15:53:40 Debug: tctub4l88auirrpvc109p5ho74:renovaLogin Called

2019-10-23 15:53:40 Debug: tctub4l88auirrpvc109p5ho74:renovaLogin Called

2019-10-23 15:53:41 Debug: tctub4l88auirrpvc109p5ho74:renovaLogin Called

2019-10-23 15:53:41 Debug: tctub4l88auirrpvc109p5ho74:renovaLogin Called

2019-10-23 15:55:15 Debug: tctub4l88auirrpvc109p5ho74:renovaLogin Called

2019-10-23 15:55:15 Debug: tctub4l88auirrpvc109p5ho74:renovaLogin Called

2019-10-23 15:55:16 Debug: tctub4l88auirrpvc109p5ho74:renovaLogin Called

2019-10-23 15:55:16 Debug: tctub4l88auirrpvc109p5ho74:renovaLogin Called

2019-10-23 15:55:18 Debug: tctub4l88auirrpvc109p5ho74:renovaLogin Called

2019-10-23 15:55:18 Debug: tctub4l88auirrpvc109p5ho74:renovaLogin Called

2019-10-23 15:55:18 Debug: tctub4l88auirrpvc109p5ho74:renovaLogin Called

2019-10-23 15:55:18 Debug: tctub4l88auirrpvc109p5ho74:renovaLogin Called

2019-10-23 15:55:29 Debug: tctub4l88auirrpvc109p5ho74:renovaLogin Called

2019-10-23 15:55:30 Debug: tctub4l88auirrpvc109p5ho74:renovaLogin Called

2019-10-23 15:55:30 Debug: tctub4l88auirrpvc109p5ho74:renovaLogin Called

2019-10-23 15:57:20 Debug: tctub4l88auirrpvc109p5ho74:renovaLogin Called

2019-10-23 15:57:20 Debug: tctub4l88auirrpvc109p5ho74:renovaLogin Called

2019-10-23 15:57:20 Debug: tctub4l88auirrpvc109p5ho74:renovaLogin Called

2019-10-23 15:57:54 Debug: tctub4l88auirrpvc109p5ho74:renovaLogin Called

2019-10-23 15:57:55 Debug: tctub4l88auirrpvc109p5ho74:renovaLogin Called

2019-10-23 15:57:55 Debug: tctub4l88auirrpvc109p5ho74:renovaLogin Called

2019-10-23 15:58:02 Debug: tctub4l88auirrpvc109p5ho74:renovaLogin Called

2019-10-23 15:58:02 Debug: tctub4l88auirrpvc109p5ho74:renovaLogin Called

2019-10-23 15:58:02 Debug: tctub4l88auirrpvc109p5ho74:renovaLogin Called

2019-10-23 15:58:02 Debug: tctub4l88auirrpvc109p5ho74:renovaLogin Called

2019-10-23 15:58:53 Debug: tctub4l88auirrpvc109p5ho74:renovaLogin Called

2019-10-23 15:58:53 Debug: tctub4l88auirrpvc109p5ho74:renovaLogin Called

2019-10-23 15:58:53 Debug: tctub4l88auirrpvc109p5ho74:renovaLogin Called

2019-10-23 15:58:53 Debug: tctub4l88auirrpvc109p5ho74:renovaLogin Called

2019-10-23 15:59:37 Debug: tctub4l88auirrpvc109p5ho74:renovaLogin Called

2019-10-23 15:59:38 Debug: tctub4l88auirrpvc109p5ho74:renovaLogin Called

2019-10-23 15:59:38 Debug: tctub4l88auirrpvc109p5ho74:renovaLogin Called

2019-10-23 15:59:42 Debug: tctub4l88auirrpvc109p5ho74:renovaLogin Called

2019-10-23 15:59:43 Debug: tctub4l88auirrpvc109p5ho74:renovaLogin Called

2019-10-23 15:59:43 Debug: tctub4l88auirrpvc109p5ho74:renovaLogin Called

2019-10-23 15:59:51 Debug: tctub4l88auirrpvc109p5ho74:renovaLogin Called

2019-10-23 15:59:51 Debug: tctub4l88auirrpvc109p5ho74:renovaLogin Called

2019-10-23 15:59:51 Debug: tctub4l88auirrpvc109p5ho74:renovaLogin Called

2019-10-23 15:59:51 Debug: tctub4l88auirrpvc109p5ho74:renovaLogin Called

2019-10-23 16:00:33 Debug: tctub4l88auirrpvc109p5ho74:renovaLogin Called

2019-10-23 16:00:33 Debug: tctub4l88auirrpvc109p5ho74:renovaLogin Called

2019-10-23 16:00:33 Debug: tctub4l88auirrpvc109p5ho74:renovaLogin Called

2019-10-23 16:00:33 Debug: tctub4l88auirrpvc109p5ho74:renovaLogin Called

2019-10-23 16:00:35 Debug: tctub4l88auirrpvc109p5ho74:renovaLogin Called

2019-10-23 16:00:36 Debug: tctub4l88auirrpvc109p5ho74:renovaLogin Called

2019-10-23 16:00:36 Debug: tctub4l88auirrpvc109p5ho74:renovaLogin Called

2019-10-23 16:00:41 Debug: tctub4l88auirrpvc109p5ho74:renovaLogin Called

2019-10-23 16:00:41 Debug: tctub4l88auirrpvc109p5ho74:renovaLogin Called

2019-10-23 16:00:41 Debug: tctub4l88auirrpvc109p5ho74:renovaLogin Called

2019-10-23 16:02:41 Debug: tctub4l88auirrpvc109p5ho74:renovaLogin Called

2019-10-23 16:02:41 Debug: tctub4l88auirrpvc109p5ho74:renovaLogin Called

2019-10-23 16:02:42 Debug: tctub4l88auirrpvc109p5ho74:renovaLogin Called

2019-10-23 16:02:42 Debug: tctub4l88auirrpvc109p5ho74:renovaLogin Called

2019-10-23 16:02:52 Debug: tctub4l88auirrpvc109p5ho74:renovaLogin Called

2019-10-23 16:02:53 Debug: tctub4l88auirrpvc109p5ho74:renovaLogin Called

2019-10-23 16:02:53 Debug: tctub4l88auirrpvc109p5ho74:renovaLogin Called

2019-10-23 16:05:45 Debug: tctub4l88auirrpvc109p5ho74:renovaLogin Called

2019-10-23 16:05:46 Debug: tctub4l88auirrpvc109p5ho74:renovaLogin Called

2019-10-23 16:05:46 Debug: tctub4l88auirrpvc109p5ho74:renovaLogin Called

2019-10-23 16:06:37 Debug: tctub4l88auirrpvc109p5ho74:renovaLogin Called

2019-10-23 16:06:37 Debug: tctub4l88auirrpvc109p5ho74:renovaLogin Called

2019-10-23 16:06:37 Debug: tctub4l88auirrpvc109p5ho74:renovaLogin Called

2019-10-23 16:07:16 Debug: tctub4l88auirrpvc109p5ho74:renovaLogin Called

2019-10-23 16:07:16 Debug: tctub4l88auirrpvc109p5ho74:renovaLogin Called

2019-10-23 16:07:16 Debug: tctub4l88auirrpvc109p5ho74:renovaLogin Called

2019-10-23 16:07:39 Debug: tctub4l88auirrpvc109p5ho74:renovaLogin Called

2019-10-23 16:07:40 Debug: tctub4l88auirrpvc109p5ho74:renovaLogin Called

2019-10-23 16:07:40 Debug: tctub4l88auirrpvc109p5ho74:renovaLogin Called

2019-10-23 16:07:56 Debug: tctub4l88auirrpvc109p5ho74:renovaLogin Called

2019-10-23 16:07:57 Debug: tctub4l88auirrpvc109p5ho74:renovaLogin Called

2019-10-23 16:07:57 Debug: tctub4l88auirrpvc109p5ho74:renovaLogin Called

2019-10-23 16:11:49 Debug: tctub4l88auirrpvc109p5ho74:renovaLogin Called

2019-10-23 16:11:50 Debug: tctub4l88auirrpvc109p5ho74:renovaLogin Called

2019-10-23 16:11:50 Debug: tctub4l88auirrpvc109p5ho74:renovaLogin Called

2019-10-23 16:11:50 Debug: tctub4l88auirrpvc109p5ho74:renovaLogin Called

2019-10-23 16:11:50 Debug: tctub4l88auirrpvc109p5ho74:renovaLogin Called

2019-10-23 16:11:50 Debug: tctub4l88auirrpvc109p5ho74:renovaLogin Called

2019-10-23 16:11:50 Debug: tctub4l88auirrpvc109p5ho74:renovaLogin Called

2019-10-23 16:11:51 Debug: tctub4l88auirrpvc109p5ho74:renovaLogin Called

2019-10-23 16:11:51 Debug: tctub4l88auirrpvc109p5ho74:renovaLogin Called

2019-10-23 16:12:22 Debug: tctub4l88auirrpvc109p5ho74:renovaLogin Called

2019-10-23 16:12:23 Debug: tctub4l88auirrpvc109p5ho74:renovaLogin Called

2019-10-23 16:12:23 Debug: tctub4l88auirrpvc109p5ho74:renovaLogin Called

2019-10-23 16:12:23 Debug: tctub4l88auirrpvc109p5ho74:renovaLogin Called

2019-10-23 16:12:23 Debug: tctub4l88auirrpvc109p5ho74:renovaLogin Called

2019-10-23 16:12:23 Debug: tctub4l88auirrpvc109p5ho74:renovaLogin Called

2019-10-23 16:12:23 Debug: tctub4l88auirrpvc109p5ho74:renovaLogin Called

2019-10-23 16:12:24 Debug: tctub4l88auirrpvc109p5ho74:renovaLogin Called

2019-10-23 16:12:24 Debug: tctub4l88auirrpvc109p5ho74:renovaLogin Called

2019-10-23 16:13:32 Debug: tctub4l88auirrpvc109p5ho74:renovaLogin Called

2019-10-23 16:13:32 Debug: tctub4l88auirrpvc109p5ho74:renovaLogin Called

2019-10-23 16:13:32 Debug: tctub4l88auirrpvc109p5ho74:renovaLogin Called

2019-10-23 16:13:33 Debug: tctub4l88auirrpvc109p5ho74:renovaLogin Called

2019-10-23 16:13:33 Debug: tctub4l88auirrpvc109p5ho74:renovaLogin Called

2019-10-23 16:13:33 Debug: tctub4l88auirrpvc109p5ho74:renovaLogin Called

2019-10-23 16:13:33 Debug: tctub4l88auirrpvc109p5ho74:renovaLogin Called

2019-10-23 16:13:33 Debug: tctub4l88auirrpvc109p5ho74:renovaLogin Called

2019-10-23 16:13:33 Debug: tctub4l88auirrpvc109p5ho74:renovaLogin Called

2019-10-23 16:13:34 Debug: tctub4l88auirrpvc109p5ho74:renovaLogin Called

2019-10-23 16:13:35 Debug: tctub4l88auirrpvc109p5ho74:renovaLogin Called

2019-10-23 16:13:35 Debug: tctub4l88auirrpvc109p5ho74:renovaLogin Called

2019-10-23 16:13:39 Debug: tctub4l88auirrpvc109p5ho74:renovaLogin Called

2019-10-23 16:13:40 Debug: tctub4l88auirrpvc109p5ho74:renovaLogin Called

2019-10-23 16:13:40 Debug: tctub4l88auirrpvc109p5ho74:renovaLogin Called

2019-10-23 16:13:42 Debug: tctub4l88auirrpvc109p5ho74:renovaLogin Called

2019-10-23 16:13:43 Debug: tctub4l88auirrpvc109p5ho74:renovaLogin Called

2019-10-23 16:13:43 Debug: tctub4l88auirrpvc109p5ho74:renovaLogin Called

2019-10-23 16:13:43 Debug: tctub4l88auirrpvc109p5ho74:renovaLogin Called

2019-10-23 16:13:43 Debug: tctub4l88auirrpvc109p5ho74:renovaLogin Called

2019-10-23 16:13:44 Debug: tctub4l88auirrpvc109p5ho74:renovaLogin Called

2019-10-23 16:13:44 Debug: tctub4l88auirrpvc109p5ho74:renovaLogin Called

2019-10-23 16:13:44 Debug: tctub4l88auirrpvc109p5ho74:renovaLogin Called

2019-10-23 16:13:44 Debug: tctub4l88auirrpvc109p5ho74:renovaLogin Called

2019-10-23 16:14:28 Debug: tctub4l88auirrpvc109p5ho74:renovaLogin Called

2019-10-23 16:14:28 Debug: tctub4l88auirrpvc109p5ho74:renovaLogin Called

2019-10-23 16:14:28 Debug: tctub4l88auirrpvc109p5ho74:renovaLogin Called

2019-10-23 16:14:29 Debug: tctub4l88auirrpvc109p5ho74:renovaLogin Called

2019-10-23 16:14:29 Debug: tctub4l88auirrpvc109p5ho74:renovaLogin Called

2019-10-23 16:14:29 Debug: tctub4l88auirrpvc109p5ho74:renovaLogin Called

2019-10-23 16:14:29 Debug: tctub4l88auirrpvc109p5ho74:renovaLogin Called

2019-10-23 16:14:29 Debug: tctub4l88auirrpvc109p5ho74:renovaLogin Called

2019-10-23 16:14:29 Debug: tctub4l88auirrpvc109p5ho74:renovaLogin Called

2019-10-23 16:14:30 Debug: tctub4l88auirrpvc109p5ho74:renovaLogin Called

2019-10-23 16:14:30 Debug: tctub4l88auirrpvc109p5ho74:renovaLogin Called

2019-10-23 16:14:30 Debug: tctub4l88auirrpvc109p5ho74:renovaLogin Called

2019-10-23 16:14:31 Debug: tctub4l88auirrpvc109p5ho74:renovaLogin Called

2019-10-23 16:14:31 Debug: tctub4l88auirrpvc109p5ho74:renovaLogin Called

2019-10-23 16:14:31 Debug: tctub4l88auirrpvc109p5ho74:renovaLogin Called

2019-10-23 16:14:31 Debug: tctub4l88auirrpvc109p5ho74:renovaLogin Called

2019-10-23 16:14:31 Debug: tctub4l88auirrpvc109p5ho74:renovaLogin Called

2019-10-23 16:14:31 Debug: tctub4l88auirrpvc109p5ho74:renovaLogin Called

2019-10-23 16:14:42 Debug: tctub4l88auirrpvc109p5ho74:renovaLogin Called

2019-10-23 16:14:42 Debug: tctub4l88auirrpvc109p5ho74:renovaLogin Called

2019-10-23 16:14:42 Debug: tctub4l88auirrpvc109p5ho74:renovaLogin Called

2019-10-23 16:14:43 Debug: tctub4l88auirrpvc109p5ho74:renovaLogin Called

2019-10-23 16:14:43 Debug: tctub4l88auirrpvc109p5ho74:renovaLogin Called

2019-10-23 16:14:43 Debug: tctub4l88auirrpvc109p5ho74:renovaLogin Called

2019-10-23 16:14:43 Debug: tctub4l88auirrpvc109p5ho74:renovaLogin Called

2019-10-23 16:14:43 Debug: tctub4l88auirrpvc109p5ho74:renovaLogin Called

2019-10-23 16:14:43 Debug: tctub4l88auirrpvc109p5ho74:renovaLogin Called

2019-10-23 16:14:44 Debug: tctub4l88auirrpvc109p5ho74:renovaLogin Called

2019-10-23 16:14:44 Debug: tctub4l88auirrpvc109p5ho74:renovaLogin Called

2019-10-23 16:14:44 Debug: tctub4l88auirrpvc109p5ho74:renovaLogin Called

2019-10-23 16:14:45 Debug: tctub4l88auirrpvc109p5ho74:renovaLogin Called

2019-10-23 16:14:45 Debug: tctub4l88auirrpvc109p5ho74:renovaLogin Called

2019-10-23 16:14:45 Debug: tctub4l88auirrpvc109p5ho74:renovaLogin Called

2019-10-23 16:14:45 Debug: tctub4l88auirrpvc109p5ho74:renovaLogin Called

2019-10-23 16:14:45 Debug: tctub4l88auirrpvc109p5ho74:renovaLogin Called

2019-10-23 16:14:45 Debug: tctub4l88auirrpvc109p5ho74:renovaLogin Called

2019-10-23 16:15:40 Debug: tctub4l88auirrpvc109p5ho74:renovaLogin Called

2019-10-23 16:15:41 Debug: tctub4l88auirrpvc109p5ho74:renovaLogin Called

2019-10-23 16:15:41 Debug: tctub4l88auirrpvc109p5ho74:renovaLogin Called

2019-10-23 16:15:44 Debug: tctub4l88auirrpvc109p5ho74:renovaLogin Called

2019-10-23 16:15:44 Debug: tctub4l88auirrpvc109p5ho74:renovaLogin Called

2019-10-23 16:15:45 Debug: tctub4l88auirrpvc109p5ho74:renovaLogin Called

2019-10-23 16:15:45 Debug: tctub4l88auirrpvc109p5ho74:renovaLogin Called

2019-10-23 16:15:45 Debug: tctub4l88auirrpvc109p5ho74:renovaLogin Called

2019-10-23 16:15:45 Debug: tctub4l88auirrpvc109p5ho74:renovaLogin Called

2019-10-23 16:16:27 Debug: tctub4l88auirrpvc109p5ho74:renovaLogin Called

2019-10-23 16:16:27 Debug: tctub4l88auirrpvc109p5ho74:renovaLogin Called

2019-10-23 16:16:27 Debug: tctub4l88auirrpvc109p5ho74:renovaLogin Called

2019-10-23 16:16:38 Debug: tctub4l88auirrpvc109p5ho74:renovaLogin Called

2019-10-23 16:16:39 Debug: tctub4l88auirrpvc109p5ho74:renovaLogin Called

2019-10-23 16:16:39 Debug: tctub4l88auirrpvc109p5ho74:renovaLogin Called

2019-10-23 16:16:39 Debug: tctub4l88auirrpvc109p5ho74:renovaLogin Called

2019-10-23 16:16:39 Debug: tctub4l88auirrpvc109p5ho74:renovaLogin Called

2019-10-23 16:16:39 Debug: tctub4l88auirrpvc109p5ho74:renovaLogin Called

2019-10-23 16:16:39 Debug: tctub4l88auirrpvc109p5ho74:renovaLogin Called

2019-10-23 16:16:40 Debug: tctub4l88auirrpvc109p5ho74:renovaLogin Called

2019-10-23 16:16:40 Debug: tctub4l88auirrpvc109p5ho74:renovaLogin Called

2019-10-23 16:16:40 Debug: tctub4l88auirrpvc109p5ho74:renovaLogin Called

2019-10-23 16:16:41 Debug: tctub4l88auirrpvc109p5ho74:renovaLogin Called

2019-10-23 16:16:41 Debug: tctub4l88auirrpvc109p5ho74:renovaLogin Called

2019-10-23 16:16:41 Debug: tctub4l88auirrpvc109p5ho74:renovaLogin Called

2019-10-23 16:16:41 Debug: tctub4l88auirrpvc109p5ho74:renovaLogin Called

2019-10-23 16:16:41 Debug: tctub4l88auirrpvc109p5ho74:renovaLogin Called

2019-10-23 16:16:41 Debug: tctub4l88auirrpvc109p5ho74:renovaLogin Called

2019-10-23 16:16:42 Debug: tctub4l88auirrpvc109p5ho74:renovaLogin Called

2019-10-23 16:16:42 Debug: tctub4l88auirrpvc109p5ho74:renovaLogin Called

2019-10-23 16:16:44 Debug: tctub4l88auirrpvc109p5ho74:renovaLogin Called

2019-10-23 16:16:44 Debug: tctub4l88auirrpvc109p5ho74:renovaLogin Called

2019-10-23 16:16:44 Debug: tctub4l88auirrpvc109p5ho74:renovaLogin Called

2019-10-23 16:17:37 Debug: tctub4l88auirrpvc109p5ho74:renovaLogin Called

2019-10-23 16:17:37 Debug: tctub4l88auirrpvc109p5ho74:renovaLogin Called

2019-10-23 16:17:37 Debug: tctub4l88auirrpvc109p5ho74:renovaLogin Called

2019-10-23 16:17:42 Debug: tctub4l88auirrpvc109p5ho74:renovaLogin Called

2019-10-23 16:17:42 Debug: tctub4l88auirrpvc109p5ho74:renovaLogin Called

2019-10-23 16:17:42 Debug: tctub4l88auirrpvc109p5ho74:renovaLogin Called

2019-10-23 16:18:04 Debug: tctub4l88auirrpvc109p5ho74:renovaLogin Called

2019-10-23 16:18:04 Debug: tctub4l88auirrpvc109p5ho74:renovaLogin Called

2019-10-23 16:18:04 Debug: tctub4l88auirrpvc109p5ho74:renovaLogin Called

2019-10-23 16:18:58 Debug: tctub4l88auirrpvc109p5ho74:renovaLogin Called

2019-10-23 16:18:58 Debug: tctub4l88auirrpvc109p5ho74:renovaLogin Called

2019-10-23 16:18:58 Debug: tctub4l88auirrpvc109p5ho74:renovaLogin Called

2019-10-23 16:19:37 Debug: tctub4l88auirrpvc109p5ho74:renovaLogin Called

2019-10-23 16:19:37 Debug: tctub4l88auirrpvc109p5ho74:renovaLogin Called

2019-10-23 16:19:37 Debug: tctub4l88auirrpvc109p5ho74:renovaLogin Called

2019-10-23 16:22:34 Debug: tctub4l88auirrpvc109p5ho74:renovaLogin Called

2019-10-23 16:22:34 Debug: tctub4l88auirrpvc109p5ho74:renovaLogin Called

2019-10-23 16:22:34 Debug: tctub4l88auirrpvc109p5ho74:renovaLogin Called

2019-10-23 16:23:22 Debug: tctub4l88auirrpvc109p5ho74:renovaLogin Called

2019-10-23 16:23:23 Debug: tctub4l88auirrpvc109p5ho74:renovaLogin Called

2019-10-23 16:23:23 Debug: tctub4l88auirrpvc109p5ho74:renovaLogin Called

2019-10-23 16:24:17 Debug: tctub4l88auirrpvc109p5ho74:renovaLogin Called

2019-10-23 16:24:18 Debug: tctub4l88auirrpvc109p5ho74:renovaLogin Called

2019-10-23 16:24:18 Debug: tctub4l88auirrpvc109p5ho74:renovaLogin Called

2019-10-23 16:24:31 Debug: tctub4l88auirrpvc109p5ho74:renovaLogin Called

2019-10-23 16:24:31 Debug: tctub4l88auirrpvc109p5ho74:renovaLogin Called

2019-10-23 16:24:31 Debug: tctub4l88auirrpvc109p5ho74:renovaLogin Called

2019-10-23 16:26:14 Debug: tctub4l88auirrpvc109p5ho74:renovaLogin Called

2019-10-23 16:26:14 Debug: tctub4l88auirrpvc109p5ho74:renovaLogin Called

2019-10-23 16:26:14 Debug: tctub4l88auirrpvc109p5ho74:renovaLogin Called

2019-10-23 16:26:23 Debug: tctub4l88auirrpvc109p5ho74:renovaLogin Called

2019-10-23 16:26:23 Debug: tctub4l88auirrpvc109p5ho74:renovaLogin Called

2019-10-23 16:26:23 Debug: tctub4l88auirrpvc109p5ho74:renovaLogin Called

2019-10-23 16:27:14 Debug: tctub4l88auirrpvc109p5ho74:renovaLogin Called

2019-10-23 16:27:14 Debug: tctub4l88auirrpvc109p5ho74:renovaLogin Called

2019-10-23 16:27:14 Debug: tctub4l88auirrpvc109p5ho74:renovaLogin Called

2019-10-23 16:27:34 Debug: tctub4l88auirrpvc109p5ho74:renovaLogin Called

2019-10-23 16:27:35 Debug: tctub4l88auirrpvc109p5ho74:renovaLogin Called

2019-10-23 16:27:35 Debug: tctub4l88auirrpvc109p5ho74:renovaLogin Called

2019-10-23 16:28:41 Debug: tctub4l88auirrpvc109p5ho74:renovaLogin Called

2019-10-23 16:28:42 Debug: tctub4l88auirrpvc109p5ho74:renovaLogin Called

2019-10-23 16:28:42 Debug: tctub4l88auirrpvc109p5ho74:renovaLogin Called

2019-10-23 16:28:54 Debug: tctub4l88auirrpvc109p5ho74:renovaLogin Called

2019-10-23 16:28:55 Debug: tctub4l88auirrpvc109p5ho74:renovaLogin Called

2019-10-23 16:28:55 Debug: tctub4l88auirrpvc109p5ho74:renovaLogin Called

2019-10-23 16:36:43 Debug: tctub4l88auirrpvc109p5ho74:renovaLogin Called

2019-10-23 16:36:43 Debug: tctub4l88auirrpvc109p5ho74:renovaLogin Called

2019-10-23 16:36:44 Debug: tctub4l88auirrpvc109p5ho74:renovaLogin Called

2019-10-23 16:36:44 Debug: tctub4l88auirrpvc109p5ho74:renovaLogin Called

2019-10-23 16:36:44 Debug: tctub4l88auirrpvc109p5ho74:renovaLogin Called

2019-10-23 16:36:44 Debug: tctub4l88auirrpvc109p5ho74:renovaLogin Called

2019-10-23 16:37:05 Debug: tctub4l88auirrpvc109p5ho74:renovaLogin Called

2019-10-23 16:37:05 Debug: tctub4l88auirrpvc109p5ho74:renovaLogin Called

2019-10-23 16:37:05 Debug: tctub4l88auirrpvc109p5ho74:renovaLogin Called

2019-10-23 16:37:42 Debug: tctub4l88auirrpvc109p5ho74:renovaLogin Called

2019-10-23 16:37:42 Debug: tctub4l88auirrpvc109p5ho74:renovaLogin Called

2019-10-23 16:37:42 Debug: tctub4l88auirrpvc109p5ho74:renovaLogin Called

2019-10-23 16:37:53 Debug: tctub4l88auirrpvc109p5ho74:renovaLogin Called

2019-10-23 16:37:53 Debug: tctub4l88auirrpvc109p5ho74:renovaLogin Called

2019-10-23 16:37:53 Debug: tctub4l88auirrpvc109p5ho74:renovaLogin Called

2019-10-23 16:38:45 Debug: tctub4l88auirrpvc109p5ho74:renovaLogin Called

2019-10-23 16:38:45 Debug: tctub4l88auirrpvc109p5ho74:renovaLogin Called

2019-10-23 16:38:45 Debug: tctub4l88auirrpvc109p5ho74:renovaLogin Called

2019-10-23 16:38:56 Debug: tctub4l88auirrpvc109p5ho74:renovaLogin Called

2019-10-23 16:38:57 Debug: tctub4l88auirrpvc109p5ho74:renovaLogin Called

2019-10-23 16:38:57 Debug: tctub4l88auirrpvc109p5ho74:renovaLogin Called

2019-10-23 16:40:37 Debug: tctub4l88auirrpvc109p5ho74:renovaLogin Called

2019-10-23 16:40:37 Debug: tctub4l88auirrpvc109p5ho74:renovaLogin Called

2019-10-23 16:40:38 Debug: tctub4l88auirrpvc109p5ho74:renovaLogin Called

2019-10-23 16:40:38 Debug: tctub4l88auirrpvc109p5ho74:renovaLogin Called

2019-10-23 16:40:40 Debug: tctub4l88auirrpvc109p5ho74:renovaLogin Called

2019-10-23 16:40:40 Debug: tctub4l88auirrpvc109p5ho74:renovaLogin Called

2019-10-23 16:40:54 Debug: tctub4l88auirrpvc109p5ho74:renovaLogin Called

2019-10-23 16:40:54 Debug: tctub4l88auirrpvc109p5ho74:renovaLogin Called

2019-10-23 16:40:54 Debug: tctub4l88auirrpvc109p5ho74:renovaLogin Called

2019-10-23 16:40:54 Debug: tctub4l88auirrpvc109p5ho74:renovaLogin Called

2019-10-23 16:40:54 Debug: tctub4l88auirrpvc109p5ho74:renovaLogin Called

2019-10-23 16:40:55 Debug: tctub4l88auirrpvc109p5ho74:renovaLogin Called

2019-10-23 16:40:55 Debug: tctub4l88auirrpvc109p5ho74:renovaLogin Called

2019-10-23 16:40:55 Debug: tctub4l88auirrpvc109p5ho74:renovaLogin Called

2019-10-23 16:40:55 Debug: tctub4l88auirrpvc109p5ho74:renovaLogin Called

2019-10-23 16:41:06 Debug: tctub4l88auirrpvc109p5ho74:renovaLogin Called

2019-10-23 16:41:07 Debug: tctub4l88auirrpvc109p5ho74:renovaLogin Called

2019-10-23 16:41:07 Debug: tctub4l88auirrpvc109p5ho74:renovaLogin Called

2019-10-23 16:41:07 Debug: tctub4l88auirrpvc109p5ho74:renovaLogin Called

2019-10-23 16:41:07 Debug: tctub4l88auirrpvc109p5ho74:renovaLogin Called

2019-10-23 16:41:07 Debug: tctub4l88auirrpvc109p5ho74:renovaLogin Called

2019-10-23 16:41:07 Debug: tctub4l88auirrpvc109p5ho74:renovaLogin Called

2019-10-23 16:41:08 Debug: tctub4l88auirrpvc109p5ho74:renovaLogin Called

2019-10-23 16:41:08 Debug: tctub4l88auirrpvc109p5ho74:renovaLogin Called

2019-10-23 16:41:08 Debug: tctub4l88auirrpvc109p5ho74:renovaLogin Called

2019-10-23 16:41:09 Debug: tctub4l88auirrpvc109p5ho74:renovaLogin Called

2019-10-23 16:41:09 Debug: tctub4l88auirrpvc109p5ho74:renovaLogin Called

2019-10-23 16:41:09 Debug: tctub4l88auirrpvc109p5ho74:renovaLogin Called

2019-10-23 16:41:09 Debug: tctub4l88auirrpvc109p5ho74:renovaLogin Called

2019-10-23 16:41:09 Debug: tctub4l88auirrpvc109p5ho74:renovaLogin Called

2019-10-23 16:41:09 Debug: tctub4l88auirrpvc109p5ho74:renovaLogin Called

2019-10-23 16:41:10 Debug: tctub4l88auirrpvc109p5ho74:renovaLogin Called

2019-10-23 16:41:10 Debug: tctub4l88auirrpvc109p5ho74:renovaLogin Called

2019-10-23 16:41:19 Debug: tctub4l88auirrpvc109p5ho74:renovaLogin Called

2019-10-23 16:41:20 Debug: tctub4l88auirrpvc109p5ho74:renovaLogin Called

2019-10-23 16:41:20 Debug: tctub4l88auirrpvc109p5ho74:renovaLogin Called

2019-10-23 16:41:20 Debug: tctub4l88auirrpvc109p5ho74:renovaLogin Called

2019-10-23 16:41:20 Debug: tctub4l88auirrpvc109p5ho74:renovaLogin Called

2019-10-23 16:41:21 Debug: tctub4l88auirrpvc109p5ho74:renovaLogin Called

2019-10-23 16:41:21 Debug: tctub4l88auirrpvc109p5ho74:renovaLogin Called

2019-10-23 16:41:21 Debug: tctub4l88auirrpvc109p5ho74:renovaLogin Called

2019-10-23 16:41:21 Debug: tctub4l88auirrpvc109p5ho74:renovaLogin Called

2019-10-23 16:41:29 Debug: tctub4l88auirrpvc109p5ho74:renovaLogin Called

2019-10-23 16:41:30 Debug: tctub4l88auirrpvc109p5ho74:renovaLogin Called

2019-10-23 16:41:30 Debug: tctub4l88auirrpvc109p5ho74:renovaLogin Called

2019-10-23 16:41:37 Debug: tctub4l88auirrpvc109p5ho74:renovaLogin Called

2019-10-23 16:41:37 Debug: tctub4l88auirrpvc109p5ho74:renovaLogin Called

2019-10-23 16:41:37 Debug: tctub4l88auirrpvc109p5ho74:renovaLogin Called

2019-10-23 16:41:37 Debug: tctub4l88auirrpvc109p5ho74:renovaLogin Called

2019-10-23 16:43:50 Debug: tctub4l88auirrpvc109p5ho74:renovaLogin Called

2019-10-23 16:43:50 Debug: tctub4l88auirrpvc109p5ho74:renovaLogin Called

2019-10-23 16:43:50 Debug: tctub4l88auirrpvc109p5ho74:renovaLogin Called

2019-10-23 16:43:51 Debug: tctub4l88auirrpvc109p5ho74:renovaLogin Called

2019-10-23 16:43:51 Debug: tctub4l88auirrpvc109p5ho74:renovaLogin Called

2019-10-23 16:43:51 Debug: tctub4l88auirrpvc109p5ho74:renovaLogin Called

2019-10-23 16:43:51 Debug: tctub4l88auirrpvc109p5ho74:renovaLogin Called

2019-10-23 16:43:51 Debug: tctub4l88auirrpvc109p5ho74:renovaLogin Called

2019-10-23 16:43:51 Debug: tctub4l88auirrpvc109p5ho74:renovaLogin Called

2019-10-23 16:45:06 Debug: tctub4l88auirrpvc109p5ho74:renovaLogin Called

2019-10-23 16:45:06 Debug: tctub4l88auirrpvc109p5ho74:renovaLogin Called

2019-10-23 16:45:06 Debug: tctub4l88auirrpvc109p5ho74:renovaLogin Called

2019-10-23 16:45:06 Debug: tctub4l88auirrpvc109p5ho74:renovaLogin Called

2019-10-23 16:45:06 Debug: tctub4l88auirrpvc109p5ho74:renovaLogin Called

2019-10-23 16:45:07 Debug: tctub4l88auirrpvc109p5ho74:renovaLogin Called

2019-10-23 16:45:07 Debug: tctub4l88auirrpvc109p5ho74:renovaLogin Called

2019-10-23 16:45:07 Debug: tctub4l88auirrpvc109p5ho74:renovaLogin Called

2019-10-23 16:45:07 Debug: tctub4l88auirrpvc109p5ho74:renovaLogin Called

2019-10-23 16:45:46 Debug: tctub4l88auirrpvc109p5ho74:renovaLogin Called

2019-10-23 16:45:46 Debug: tctub4l88auirrpvc109p5ho74:renovaLogin Called

2019-10-23 16:45:46 Debug: tctub4l88auirrpvc109p5ho74:renovaLogin Called

2019-10-23 16:45:57 Debug: tctub4l88auirrpvc109p5ho74:renovaLogin Called

2019-10-23 16:45:58 Debug: tctub4l88auirrpvc109p5ho74:renovaLogin Called

2019-10-23 16:45:58 Debug: tctub4l88auirrpvc109p5ho74:renovaLogin Called

2019-10-23 16:46:02 Debug: tctub4l88auirrpvc109p5ho74:renovaLogin Called

2019-10-23 16:46:02 Debug: tctub4l88auirrpvc109p5ho74:renovaLogin Called

2019-10-23 16:46:02 Debug: tctub4l88auirrpvc109p5ho74:renovaLogin Called

2019-10-23 16:46:55 Debug: tctub4l88auirrpvc109p5ho74:renovaLogin Called

2019-10-23 16:46:56 Debug: tctub4l88auirrpvc109p5ho74:renovaLogin Called

2019-10-23 16:46:56 Debug: tctub4l88auirrpvc109p5ho74:renovaLogin Called

2019-10-23 16:47:09 Debug: tctub4l88auirrpvc109p5ho74:renovaLogin Called

2019-10-23 16:47:10 Debug: tctub4l88auirrpvc109p5ho74:renovaLogin Called

2019-10-23 16:47:10 Debug: tctub4l88auirrpvc109p5ho74:renovaLogin Called

2019-10-23 16:48:33 Debug: tctub4l88auirrpvc109p5ho74:renovaLogin Called

2019-10-23 16:48:34 Debug: tctub4l88auirrpvc109p5ho74:renovaLogin Called

2019-10-23 16:48:34 Debug: tctub4l88auirrpvc109p5ho74:renovaLogin Called

2019-10-23 16:48:53 Debug: tctub4l88auirrpvc109p5ho74:renovaLogin Called

2019-10-23 16:48:53 Debug: tctub4l88auirrpvc109p5ho74:renovaLogin Called

2019-10-23 16:48:53 Debug: tctub4l88auirrpvc109p5ho74:renovaLogin Called

2019-10-23 16:51:36 Debug: tctub4l88auirrpvc109p5ho74:renovaLogin Called

2019-10-23 16:51:36 Debug: tctub4l88auirrpvc109p5ho74:renovaLogin Called

2019-10-23 16:51:36 Debug: tctub4l88auirrpvc109p5ho74:renovaLogin Called

2019-10-23 16:51:58 Debug: tctub4l88auirrpvc109p5ho74:renovaLogin Called

2019-10-23 16:51:59 Debug: tctub4l88auirrpvc109p5ho74:renovaLogin Called

2019-10-23 16:51:59 Debug: tctub4l88auirrpvc109p5ho74:renovaLogin Called

2019-10-23 16:52:38 Debug: tctub4l88auirrpvc109p5ho74:renovaLogin Called

2019-10-23 16:52:38 Debug: tctub4l88auirrpvc109p5ho74:renovaLogin Called

2019-10-23 16:52:38 Debug: tctub4l88auirrpvc109p5ho74:renovaLogin Called

2019-10-23 16:53:17 Debug: tctub4l88auirrpvc109p5ho74:renovaLogin Called

2019-10-23 16:53:17 Debug: tctub4l88auirrpvc109p5ho74:renovaLogin Called

2019-10-23 16:53:17 Debug: tctub4l88auirrpvc109p5ho74:renovaLogin Called

2019-10-23 16:53:17 Debug: tctub4l88auirrpvc109p5ho74:renovaLogin Called

2019-10-23 16:53:17 Debug: tctub4l88auirrpvc109p5ho74:renovaLogin Called

2019-10-23 16:53:18 Debug: tctub4l88auirrpvc109p5ho74:renovaLogin Called

2019-10-23 16:53:18 Debug: tctub4l88auirrpvc109p5ho74:renovaLogin Called

2019-10-23 16:53:18 Debug: tctub4l88auirrpvc109p5ho74:renovaLogin Called

2019-10-23 16:53:18 Debug: tctub4l88auirrpvc109p5ho74:renovaLogin Called

2019-10-23 16:53:24 Debug: tctub4l88auirrpvc109p5ho74:renovaLogin Called

2019-10-23 16:53:24 Debug: tctub4l88auirrpvc109p5ho74:renovaLogin Called

2019-10-23 16:53:24 Debug: tctub4l88auirrpvc109p5ho74:renovaLogin Called

2019-10-23 16:54:05 Debug: tctub4l88auirrpvc109p5ho74:renovaLogin Called

2019-10-23 16:54:05 Debug: tctub4l88auirrpvc109p5ho74:renovaLogin Called

2019-10-23 16:54:05 Debug: tctub4l88auirrpvc109p5ho74:renovaLogin Called

2019-10-23 16:54:30 Debug: tctub4l88auirrpvc109p5ho74:renovaLogin Called

2019-10-23 16:54:30 Debug: tctub4l88auirrpvc109p5ho74:renovaLogin Called

2019-10-23 16:54:30 Debug: tctub4l88auirrpvc109p5ho74:renovaLogin Called

2019-10-23 16:54:46 Debug: tctub4l88auirrpvc109p5ho74:renovaLogin Called

2019-10-23 16:54:47 Debug: tctub4l88auirrpvc109p5ho74:renovaLogin Called

2019-10-23 16:54:47 Debug: tctub4l88auirrpvc109p5ho74:renovaLogin Called

2019-10-23 16:55:28 Debug: tctub4l88auirrpvc109p5ho74:renovaLogin Called

2019-10-23 16:55:28 Debug: tctub4l88auirrpvc109p5ho74:renovaLogin Called

2019-10-23 16:55:29 Debug: tctub4l88auirrpvc109p5ho74:renovaLogin Called

2019-10-23 16:55:29 Debug: tctub4l88auirrpvc109p5ho74:renovaLogin Called

2019-10-23 16:55:32 Debug: tctub4l88auirrpvc109p5ho74:renovaLogin Called

2019-10-23 16:55:32 Debug: tctub4l88auirrpvc109p5ho74:renovaLogin Called

2019-10-23 16:56:47 Debug: tctub4l88auirrpvc109p5ho74:UserLogout called

2019-10-23 16:56:47 Debug: lmmjmk24u4juhec4noi1vui8t3:renovaLogin Called

2019-10-23 16:56:47 Debug: lmmjmk24u4juhec4noi1vui8t3:renovaLogin Called

2019-10-23 16:56:48 Debug: lmmjmk24u4juhec4noi1vui8t3:renovaLogin Called

2019-10-23 16:56:48 Debug: lmmjmk24u4juhec4noi1vui8t3:renovaLogin Called

2019-10-23 16:57:11 Debug: lmmjmk24u4juhec4noi1vui8t3:renovaLogin Called

2019-10-23 16:57:11 Debug: lmmjmk24u4juhec4noi1vui8t3:renovaLogin Called

2019-10-23 16:57:11 Debug: lmmjmk24u4juhec4noi1vui8t3:renovaLogin Called

2019-10-23 16:57:15 Debug: lmmjmk24u4juhec4noi1vui8t3:renovaLogin Called

2019-10-23 16:57:15 Debug: lmmjmk24u4juhec4noi1vui8t3:renovaLogin Called

2019-10-23 16:57:15 Debug: lmmjmk24u4juhec4noi1vui8t3:renovaLogin Called

2019-10-23 16:57:17 Debug: lmmjmk24u4juhec4noi1vui8t3:renovaLogin Called

2019-10-23 16:57:17 Debug: lmmjmk24u4juhec4noi1vui8t3:renovaLogin Called

2019-10-23 16:57:17 Debug: lmmjmk24u4juhec4noi1vui8t3:renovaLogin Called

2019-10-23 16:58:43 Debug: lmmjmk24u4juhec4noi1vui8t3:renovaLogin Called

2019-10-23 16:58:43 Debug: lmmjmk24u4juhec4noi1vui8t3:renovaLogin Called

2019-10-23 16:58:43 Debug: lmmjmk24u4juhec4noi1vui8t3:renovaLogin Called

2019-10-23 17:01:07 Debug: lmmjmk24u4juhec4noi1vui8t3:renovaLogin Called

2019-10-23 17:01:08 Debug: lmmjmk24u4juhec4noi1vui8t3:renovaLogin Called

2019-10-23 17:01:08 Debug: lmmjmk24u4juhec4noi1vui8t3:renovaLogin Called

2019-10-23 17:01:14 Debug: lmmjmk24u4juhec4noi1vui8t3:renovaLogin Called

2019-10-23 17:01:14 Debug: lmmjmk24u4juhec4noi1vui8t3:renovaLogin Called

2019-10-23 17:01:14 Debug: lmmjmk24u4juhec4noi1vui8t3:renovaLogin Called

2019-10-23 17:01:21 Debug: lmmjmk24u4juhec4noi1vui8t3:renovaLogin Called

2019-10-23 17:01:22 Debug: lmmjmk24u4juhec4noi1vui8t3:renovaLogin Called

2019-10-23 17:01:22 Debug: lmmjmk24u4juhec4noi1vui8t3:renovaLogin Called

2019-10-23 17:01:29 Debug: 2cmh4pkgev9rs9n41e8c6g6dd1:renovaLogin Called

2019-10-23 17:01:30 Debug: 2cmh4pkgev9rs9n41e8c6g6dd1:renovaLogin Called

2019-10-23 17:01:30 Debug: 2cmh4pkgev9rs9n41e8c6g6dd1:renovaLogin Called

2019-10-23 17:02:47 Debug: 2cmh4pkgev9rs9n41e8c6g6dd1:renovaLogin Called

2019-10-23 17:02:48 Debug: 2cmh4pkgev9rs9n41e8c6g6dd1:renovaLogin Called

2019-10-23 17:02:48 Debug: 2cmh4pkgev9rs9n41e8c6g6dd1:renovaLogin Called

2019-10-23 17:03:06 Debug: 2cmh4pkgev9rs9n41e8c6g6dd1:renovaLogin Called

2019-10-23 17:03:06 Debug: 2cmh4pkgev9rs9n41e8c6g6dd1:renovaLogin Called

2019-10-23 17:03:06 Debug: 2cmh4pkgev9rs9n41e8c6g6dd1:renovaLogin Called

2019-10-23 17:03:43 Debug: 2cmh4pkgev9rs9n41e8c6g6dd1:renovaLogin Called

2019-10-23 17:03:44 Debug: 2cmh4pkgev9rs9n41e8c6g6dd1:renovaLogin Called

2019-10-23 17:03:44 Debug: 2cmh4pkgev9rs9n41e8c6g6dd1:renovaLogin Called

2019-10-23 17:03:57 Debug: 2cmh4pkgev9rs9n41e8c6g6dd1:renovaLogin Called

2019-10-23 17:03:57 Debug: 2cmh4pkgev9rs9n41e8c6g6dd1:renovaLogin Called

2019-10-23 17:03:57 Debug: 2cmh4pkgev9rs9n41e8c6g6dd1:renovaLogin Called

2019-10-23 17:04:09 Debug: 2cmh4pkgev9rs9n41e8c6g6dd1:renovaLogin Called

2019-10-23 17:04:09 Debug: 2cmh4pkgev9rs9n41e8c6g6dd1:renovaLogin Called

2019-10-23 17:04:09 Debug: 2cmh4pkgev9rs9n41e8c6g6dd1:renovaLogin Called

2019-10-23 17:04:33 Debug: 2cmh4pkgev9rs9n41e8c6g6dd1:renovaLogin Called

2019-10-23 17:04:33 Debug: 2cmh4pkgev9rs9n41e8c6g6dd1:renovaLogin Called

2019-10-23 17:04:33 Debug: 2cmh4pkgev9rs9n41e8c6g6dd1:renovaLogin Called

2019-10-23 17:04:46 Debug: 2cmh4pkgev9rs9n41e8c6g6dd1:renovaLogin Called

2019-10-23 17:04:46 Debug: 2cmh4pkgev9rs9n41e8c6g6dd1:renovaLogin Called

2019-10-23 17:04:46 Debug: 2cmh4pkgev9rs9n41e8c6g6dd1:renovaLogin Called

2019-10-23 17:04:55 Debug: 2cmh4pkgev9rs9n41e8c6g6dd1:renovaLogin Called

2019-10-23 17:04:55 Debug: 2cmh4pkgev9rs9n41e8c6g6dd1:renovaLogin Called

2019-10-23 17:04:55 Debug: 2cmh4pkgev9rs9n41e8c6g6dd1:renovaLogin Called

2019-10-23 17:06:01 Debug: 2cmh4pkgev9rs9n41e8c6g6dd1:renovaLogin Called

2019-10-23 17:06:02 Debug: 2cmh4pkgev9rs9n41e8c6g6dd1:renovaLogin Called

2019-10-23 17:06:02 Debug: 2cmh4pkgev9rs9n41e8c6g6dd1:renovaLogin Called

2019-10-23 17:06:20 Debug: 2cmh4pkgev9rs9n41e8c6g6dd1:renovaLogin Called

2019-10-23 17:06:20 Debug: 2cmh4pkgev9rs9n41e8c6g6dd1:renovaLogin Called

2019-10-23 17:06:20 Debug: 2cmh4pkgev9rs9n41e8c6g6dd1:renovaLogin Called

2019-10-23 17:07:21 Debug: 2cmh4pkgev9rs9n41e8c6g6dd1:renovaLogin Called

2019-10-23 17:07:22 Debug: 2cmh4pkgev9rs9n41e8c6g6dd1:renovaLogin Called

2019-10-23 17:07:22 Debug: 2cmh4pkgev9rs9n41e8c6g6dd1:renovaLogin Called

2019-10-23 17:07:37 Debug: 2cmh4pkgev9rs9n41e8c6g6dd1:renovaLogin Called

2019-10-23 17:07:37 Debug: 2cmh4pkgev9rs9n41e8c6g6dd1:renovaLogin Called

2019-10-23 17:07:37 Debug: 2cmh4pkgev9rs9n41e8c6g6dd1:renovaLogin Called

2019-10-23 17:07:38 Debug: 2cmh4pkgev9rs9n41e8c6g6dd1:renovaLogin Called

2019-10-23 17:07:38 Debug: 2cmh4pkgev9rs9n41e8c6g6dd1:renovaLogin Called

2019-10-23 17:07:38 Debug: 2cmh4pkgev9rs9n41e8c6g6dd1:renovaLogin Called

2019-10-23 17:07:38 Debug: 2cmh4pkgev9rs9n41e8c6g6dd1:renovaLogin Called

2019-10-23 17:07:38 Debug: 2cmh4pkgev9rs9n41e8c6g6dd1:renovaLogin Called

2019-10-23 17:07:38 Debug: 2cmh4pkgev9rs9n41e8c6g6dd1:renovaLogin Called

2019-10-23 17:08:16 Debug: 2cmh4pkgev9rs9n41e8c6g6dd1:renovaLogin Called

2019-10-23 17:08:16 Debug: 2cmh4pkgev9rs9n41e8c6g6dd1:renovaLogin Called

2019-10-23 17:08:16 Debug: 2cmh4pkgev9rs9n41e8c6g6dd1:renovaLogin Called

2019-10-23 17:08:26 Debug: 2cmh4pkgev9rs9n41e8c6g6dd1:renovaLogin Called

2019-10-23 17:08:26 Debug: 2cmh4pkgev9rs9n41e8c6g6dd1:renovaLogin Called

2019-10-23 17:08:26 Debug: 2cmh4pkgev9rs9n41e8c6g6dd1:renovaLogin Called

2019-10-23 17:09:04 Debug: 2cmh4pkgev9rs9n41e8c6g6dd1:renovaLogin Called

2019-10-23 17:09:04 Debug: 2cmh4pkgev9rs9n41e8c6g6dd1:renovaLogin Called

2019-10-23 17:09:04 Debug: 2cmh4pkgev9rs9n41e8c6g6dd1:renovaLogin Called

2019-10-23 17:09:18 Debug: 2cmh4pkgev9rs9n41e8c6g6dd1:renovaLogin Called

2019-10-23 17:09:18 Debug: 2cmh4pkgev9rs9n41e8c6g6dd1:renovaLogin Called

2019-10-23 17:09:18 Debug: 2cmh4pkgev9rs9n41e8c6g6dd1:renovaLogin Called

2019-10-23 17:09:26 Debug: 2cmh4pkgev9rs9n41e8c6g6dd1:renovaLogin Called

2019-10-23 17:09:27 Debug: 2cmh4pkgev9rs9n41e8c6g6dd1:renovaLogin Called

2019-10-23 17:09:27 Debug: 2cmh4pkgev9rs9n41e8c6g6dd1:renovaLogin Called

2019-10-23 17:09:32 Debug: 2cmh4pkgev9rs9n41e8c6g6dd1:renovaLogin Called

2019-10-23 17:09:33 Debug: 2cmh4pkgev9rs9n41e8c6g6dd1:renovaLogin Called

2019-10-23 17:09:33 Debug: 2cmh4pkgev9rs9n41e8c6g6dd1:renovaLogin Called

2019-10-23 17:10:25 Debug: 2cmh4pkgev9rs9n41e8c6g6dd1:renovaLogin Called

2019-10-23 17:10:26 Debug: 2cmh4pkgev9rs9n41e8c6g6dd1:renovaLogin Called

2019-10-23 17:10:26 Debug: 2cmh4pkgev9rs9n41e8c6g6dd1:renovaLogin Called

2019-10-23 17:11:14 Debug: 2cmh4pkgev9rs9n41e8c6g6dd1:renovaLogin Called

2019-10-23 17:11:14 Debug: 2cmh4pkgev9rs9n41e8c6g6dd1:renovaLogin Called

2019-10-23 17:11:14 Debug: 2cmh4pkgev9rs9n41e8c6g6dd1:renovaLogin Called

2019-10-23 17:11:26 Debug: 2cmh4pkgev9rs9n41e8c6g6dd1:renovaLogin Called

2019-10-23 17:11:27 Debug: 2cmh4pkgev9rs9n41e8c6g6dd1:renovaLogin Called

2019-10-23 17:11:27 Debug: 2cmh4pkgev9rs9n41e8c6g6dd1:renovaLogin Called

2019-10-23 17:11:45 Debug: 2cmh4pkgev9rs9n41e8c6g6dd1:renovaLogin Called

2019-10-23 17:11:45 Debug: 2cmh4pkgev9rs9n41e8c6g6dd1:renovaLogin Called

2019-10-23 17:11:45 Debug: 2cmh4pkgev9rs9n41e8c6g6dd1:renovaLogin Called

2019-10-23 17:11:48 Debug: 2cmh4pkgev9rs9n41e8c6g6dd1:renovaLogin Called

2019-10-23 17:11:49 Debug: 2cmh4pkgev9rs9n41e8c6g6dd1:renovaLogin Called

2019-10-23 17:11:49 Debug: 2cmh4pkgev9rs9n41e8c6g6dd1:renovaLogin Called

2019-10-23 17:12:04 Debug: 2cmh4pkgev9rs9n41e8c6g6dd1:renovaLogin Called

2019-10-23 17:12:04 Debug: 2cmh4pkgev9rs9n41e8c6g6dd1:renovaLogin Called

2019-10-23 17:12:04 Debug: 2cmh4pkgev9rs9n41e8c6g6dd1:renovaLogin Called

2019-10-23 17:12:46 Debug: 2cmh4pkgev9rs9n41e8c6g6dd1:renovaLogin Called

2019-10-23 17:12:46 Debug: 2cmh4pkgev9rs9n41e8c6g6dd1:renovaLogin Called

2019-10-23 17:12:46 Debug: 2cmh4pkgev9rs9n41e8c6g6dd1:renovaLogin Called

